mode: set
ring/schema/lexiconItem.go:13.46,15.2 1 0
ring/schema/lexiconItem.go:17.53,19.2 1 0
ring/schema/lexiconItem.go:21.49,23.2 1 0
ring/schema/lexiconItem.go:25.50,27.2 1 0
ring/schema/parameter.go:34.47,40.39 6 1
ring/schema/parameter.go:46.2,46.21 1 1
ring/schema/parameter.go:40.39,42.3 1 1
ring/schema/parameter.go:42.8,44.3 1 1
ring/schema/parameter.go:52.39,54.2 1 1
ring/schema/parameter.go:56.42,58.2 1 1
ring/schema/parameter.go:60.49,62.2 1 1
ring/schema/parameter.go:64.63,66.2 1 1
ring/schema/parameter.go:68.59,70.2 1 1
ring/schema/parameter.go:72.43,74.2 1 1
ring/schema/parameter.go:76.48,79.2 1 1
ring/schema/parameter.go:84.44,88.2 3 0
ring/schema/parameter.go:90.41,92.2 1 0
ring/schema/parameter.go:94.38,95.29 1 0
ring/schema/parameter.go:99.2,106.59 6 0
ring/schema/parameter.go:95.29,97.3 1 0
ring/schema/parameter.go:112.39,126.2 10 0
ring/schema/parameter.go:128.40,136.2 6 0
ring/schema/parameter.go:138.45,140.23 2 0
ring/schema/parameter.go:143.2,143.19 1 0
ring/schema/parameter.go:140.23,142.3 1 0
ring/schema/parameter.go:146.54,163.2 13 1
ring/schema/parameter.go:165.136,167.23 2 1
ring/schema/parameter.go:176.2,176.15 1 1
ring/schema/parameter.go:168.25,169.16 1 1
ring/schema/parameter.go:174.3,174.8 1 1
ring/schema/parameter.go:169.16,171.4 1 0
ring/schema/parameter.go:171.9,173.4 1 1
ring/schema/parameter.go:179.127,185.2 5 1
ring/schema/parameter.go:187.126,193.2 5 1
ring/schema/parameter.go:195.94,204.2 7 1
ring/schema/schema.go:50.92,64.26 12 1
ring/schema/schema.go:76.2,89.26 11 1
ring/schema/schema.go:64.26,68.3 2 0
ring/schema/schema.go:68.8,75.3 4 1
ring/schema/schema.go:89.26,92.3 1 1
ring/schema/schema.go:99.37,101.2 1 1
ring/schema/schema.go:103.40,105.2 1 1
ring/schema/schema.go:107.47,109.2 1 1
ring/schema/schema.go:111.52,113.2 1 1
ring/schema/schema.go:115.41,117.2 1 1
ring/schema/schema.go:119.39,121.2 1 1
ring/schema/schema.go:123.48,125.2 1 1
ring/schema/schema.go:127.47,129.2 1 1
ring/schema/schema.go:131.79,133.2 1 1
ring/schema/schema.go:135.61,137.2 1 1
ring/schema/schema.go:139.39,141.2 1 1
ring/schema/schema.go:143.44,145.2 1 1
ring/schema/schema.go:147.38,149.2 1 1
ring/schema/schema.go:151.40,153.2 1 0
ring/schema/schema.go:155.77,157.2 1 1
ring/schema/schema.go:159.40,161.2 1 0
ring/schema/schema.go:166.58,167.40 1 1
ring/schema/schema.go:170.2,170.12 1 1
ring/schema/schema.go:167.40,169.3 1 1
ring/schema/schema.go:173.64,175.34 2 1
ring/schema/schema.go:187.2,187.12 1 1
ring/schema/schema.go:175.34,179.26 4 1
ring/schema/schema.go:179.26,181.4 1 1
ring/schema/schema.go:181.9,181.32 1 1
ring/schema/schema.go:181.32,183.4 1 1
ring/schema/schema.go:183.9,185.4 1 1
ring/schema/schema.go:190.53,191.42 1 1
ring/schema/schema.go:194.2,194.12 1 1
ring/schema/schema.go:191.42,193.3 1 1
ring/schema/schema.go:196.43,197.19 1 1
ring/schema/schema.go:197.19,199.3 1 1
ring/schema/schema.go:199.8,201.3 1 1
ring/schema/schema.go:204.39,212.34 7 1
ring/schema/schema.go:216.2,216.47 1 1
ring/schema/schema.go:220.2,220.45 1 1
ring/schema/schema.go:224.2,224.46 1 1
ring/schema/schema.go:228.2,228.37 1 1
ring/schema/schema.go:231.2,235.18 2 1
ring/schema/schema.go:212.34,215.3 2 1
ring/schema/schema.go:216.47,219.3 2 1
ring/schema/schema.go:220.45,223.3 2 0
ring/schema/schema.go:224.46,227.3 2 0
ring/schema/schema.go:228.37,230.3 1 1
ring/schema/schema.go:239.66,240.26 1 0
ring/schema/schema.go:240.26,242.3 1 0
ring/schema/schema.go:246.66,247.26 1 0
ring/schema/schema.go:247.26,249.3 1 0
ring/schema/schema.go:253.67,254.26 1 0
ring/schema/schema.go:254.26,256.3 1 0
ring/schema/schema.go:260.67,261.26 1 0
ring/schema/schema.go:261.26,263.3 1 0
ring/schema/schema.go:267.67,268.26 1 0
ring/schema/schema.go:268.26,270.3 1 0
ring/schema/schema.go:273.54,279.36 4 0
ring/schema/schema.go:287.2,291.12 5 0
ring/schema/schema.go:279.36,281.17 2 0
ring/schema/schema.go:281.17,284.4 2 0
ring/schema/schema.go:294.74,296.38 2 1
ring/schema/schema.go:299.2,299.14 1 1
ring/schema/schema.go:296.38,298.3 1 1
ring/schema/schema.go:305.66,307.34 2 1
ring/schema/schema.go:319.2,319.12 1 1
ring/schema/schema.go:307.34,311.26 4 1
ring/schema/schema.go:311.26,313.4 1 1
ring/schema/schema.go:313.9,313.32 1 1
ring/schema/schema.go:313.32,315.4 1 1
ring/schema/schema.go:315.9,317.4 1 1
ring/schema/schema.go:323.50,329.16 5 0
ring/schema/schema.go:333.2,337.12 5 0
ring/schema/schema.go:329.16,332.3 2 0
ring/schema/schema.go:341.49,350.16 7 0
ring/schema/schema.go:354.2,354.12 1 0
ring/schema/schema.go:350.16,351.13 1 0
ring/schema/schema.go:357.37,360.2 2 0
ring/schema/schema.go:362.70,368.25 3 0
ring/schema/schema.go:374.2,383.29 7 0
ring/schema/schema.go:368.25,372.3 2 0
ring/schema/schema.go:386.98,387.47 1 1
ring/schema/schema.go:401.2,401.50 1 0
ring/schema/schema.go:405.2,405.12 1 0
ring/schema/schema.go:387.47,389.39 2 1
ring/schema/schema.go:392.3,392.39 1 1
ring/schema/schema.go:395.3,395.45 1 1
ring/schema/schema.go:389.39,391.4 1 1
ring/schema/schema.go:392.39,394.4 1 1
ring/schema/schema.go:395.45,397.4 1 0
ring/schema/schema.go:401.50,404.3 2 0
ring/schema/schema.go:408.107,410.48 1 0
ring/schema/schema.go:419.2,419.48 1 0
ring/schema/schema.go:425.2,425.53 1 0
ring/schema/schema.go:410.48,411.61 1 0
ring/schema/schema.go:411.61,413.31 2 0
ring/schema/schema.go:413.31,415.5 1 0
ring/schema/schema.go:419.48,420.44 1 0
ring/schema/schema.go:420.44,423.4 2 0
ring/schema/schema.go:428.109,430.49 1 0
ring/schema/schema.go:430.49,431.60 1 0
ring/schema/schema.go:431.60,433.30 2 0
ring/schema/schema.go:433.30,435.5 1 0
ring/schema/schema.go:440.101,441.49 1 0
ring/schema/schema.go:441.49,443.62 2 0
ring/schema/schema.go:443.62,445.42 2 0
ring/schema/schema.go:445.42,447.5 1 0
ring/schema/schema.go:452.60,453.47 1 0
ring/schema/schema.go:462.2,462.12 1 0
ring/schema/schema.go:453.47,455.41 2 0
ring/schema/schema.go:455.41,457.18 2 0
ring/schema/schema.go:457.18,459.5 1 0
ring/schema/schema.go:465.107,467.48 1 0
ring/schema/schema.go:467.48,468.44 1 0
ring/schema/schema.go:468.44,470.46 2 0
ring/schema/schema.go:470.46,472.91 2 0
ring/schema/schema.go:472.91,475.6 2 0
ring/schema/schema.go:482.62,484.36 2 0
ring/schema/schema.go:487.2,487.15 1 0
ring/schema/schema.go:484.36,486.3 1 0
ring/schema/schema.go:490.51,495.23 3 1
ring/schema/schema.go:498.2,501.35 3 1
ring/schema/schema.go:495.23,497.3 1 1
ring/schema/schema.go:501.35,505.3 3 1
ring/schema/schema.go:508.65,510.40 2 1
ring/schema/schema.go:514.2,514.53 1 1
ring/schema/schema.go:510.40,512.3 1 1
ring/schema/schema.go:514.53,516.3 1 1
ring/schema/schema.go:519.59,523.35 3 1
ring/schema/schema.go:540.2,540.51 1 1
ring/schema/schema.go:523.35,532.3 6 1
ring/schema/schema.go:532.8,533.39 1 1
ring/schema/schema.go:533.39,536.4 2 0
ring/schema/schema.go:540.51,542.3 1 1
ring/schema/schema.go:545.62,548.39 2 1
ring/schema/schema.go:553.2,553.52 1 1
ring/schema/schema.go:548.39,550.3 1 1
ring/schema/schema.go:553.52,555.3 1 1
ring/schema/schema.go:558.103,560.16 1 1
ring/schema/schema.go:563.2,563.28 1 1
ring/schema/schema.go:566.2,571.36 6 1
ring/schema/schema.go:577.2,577.61 1 1
ring/schema/schema.go:560.16,562.3 1 1
ring/schema/schema.go:563.28,565.3 1 1
ring/schema/schema.go:571.36,573.90 2 1
ring/schema/schema.go:573.90,575.4 1 1
ring/schema/schema.go:580.48,600.2 14 0
ring/schema/schema.go:602.113,622.2 11 0
ring/schema/schema.go:625.65,636.37 7 0
ring/schema/schema.go:647.2,647.37 1 0
ring/schema/schema.go:657.2,658.37 2 0
ring/schema/schema.go:667.2,667.37 1 0
ring/schema/schema.go:670.2,671.15 2 0
ring/schema/schema.go:636.37,638.54 2 0
ring/schema/schema.go:638.54,640.4 1 0
ring/schema/schema.go:640.9,643.4 1 0
ring/schema/schema.go:647.37,649.51 2 0
ring/schema/schema.go:649.51,653.4 3 0
ring/schema/schema.go:658.37,660.48 2 0
ring/schema/schema.go:660.48,663.4 2 0
ring/schema/schema.go:667.37,669.3 1 0
ring/schema/schema.go:674.68,677.37 3 0
ring/schema/schema.go:683.2,683.15 1 0
ring/schema/schema.go:677.37,679.56 2 0
ring/schema/schema.go:679.56,681.4 1 0
ring/schema/schema.go:686.68,687.37 1 0
ring/schema/schema.go:695.2,696.28 2 0
ring/schema/schema.go:687.37,689.54 2 0
ring/schema/schema.go:689.54,691.4 1 0
ring/schema/schema.go:699.80,702.37 3 0
ring/schema/schema.go:708.2,708.15 1 0
ring/schema/schema.go:702.37,704.54 2 0
ring/schema/schema.go:704.54,706.4 1 0
ring/schema/schema.go:711.66,714.37 3 0
ring/schema/schema.go:720.2,720.15 1 0
ring/schema/schema.go:714.37,716.55 2 0
ring/schema/schema.go:716.55,718.4 1 0
ring/schema/schema.go:723.71,728.35 3 0
ring/schema/schema.go:733.2,733.37 1 0
ring/schema/schema.go:728.35,731.3 2 0
ring/schema/schema.go:733.37,735.54 2 0
ring/schema/schema.go:735.54,741.4 5 0
ring/schema/schema.go:745.176,781.2 28 1
ring/schema/schema.go:783.49,785.26 2 0
ring/schema/schema.go:788.2,788.11 1 0
ring/schema/schema.go:785.26,787.3 1 0
ring/schema/schema.go:791.114,792.37 1 0
ring/schema/schema.go:799.2,799.48 1 0
ring/schema/schema.go:792.37,794.52 2 0
ring/schema/schema.go:794.52,797.4 1 0
ring/schema/schema.go:802.39,806.38 2 1
ring/schema/schema.go:806.38,807.45 1 1
ring/schema/schema.go:807.45,809.46 2 0
ring/schema/schema.go:809.46,812.5 2 0
ring/schema/schema.go:817.60,820.38 2 1
ring/schema/schema.go:832.2,832.15 1 1
ring/schema/schema.go:820.38,821.45 1 1
ring/schema/schema.go:821.45,823.46 2 0
ring/schema/schema.go:823.46,825.38 2 0
ring/schema/schema.go:825.38,827.6 1 0
ring/schema/schema.go:835.85,838.25 2 0
ring/schema/schema.go:847.2,847.15 1 0
ring/schema/schema.go:838.25,840.3 1 0
ring/schema/schema.go:840.8,845.3 2 0
ring/schema/schema.go:851.40,855.38 3 1
ring/schema/schema.go:868.2,868.31 1 1
ring/schema/schema.go:874.2,874.17 1 1
ring/schema/schema.go:855.38,857.38 2 1
ring/schema/schema.go:860.3,860.39 1 1
ring/schema/schema.go:863.3,863.44 1 1
ring/schema/schema.go:857.38,859.4 1 1
ring/schema/schema.go:860.39,862.4 1 1
ring/schema/schema.go:863.44,865.4 1 0
ring/schema/schema.go:868.31,869.47 1 1
ring/schema/schema.go:869.47,871.4 1 1
ring/schema/tablespace.go:28.116,35.2 6 1
ring/schema/tablespace.go:40.45,42.2 1 1
ring/schema/tablespace.go:44.48,46.2 1 1
ring/schema/tablespace.go:48.48,50.2 1 1
ring/schema/tablespace.go:52.56,54.2 1 1
ring/schema/tablespace.go:56.55,58.2 1 1
ring/schema/tablespace.go:60.69,62.2 1 1
ring/schema/tablespace.go:64.52,66.2 1 1
ring/schema/tablespace.go:68.85,70.2 1 1
ring/schema/tablespace.go:75.51,80.2 3 1
ring/schema/tablespace.go:82.126,83.19 1 1
ring/schema/tablespace.go:89.2,89.11 1 1
ring/schema/tablespace.go:84.31,85.69 1 1
ring/schema/tablespace.go:86.27,87.43 1 1
ring/schema/tablespace.go:92.47,96.2 1 0
ring/schema/tablespace.go:101.59,104.2 2 0
ring/schema/tablespace.go:106.73,115.2 5 0
ring/schema/tablespace.go:117.95,119.18 2 1
ring/schema/tablespace.go:131.2,131.15 1 1
ring/schema/tablespace.go:120.35,124.58 3 1
ring/schema/tablespace.go:128.3,129.43 1 1
ring/schema/tablespace.go:124.58,127.4 2 1
ring/schema/version.go:31.37,34.36 3 1
ring/schema/version.go:37.2,37.15 1 1
ring/schema/version.go:34.36,36.3 1 1
ring/schema/version.go:43.41,48.2 4 1
ring/schema/cacheId.go:31.68,36.2 4 1
ring/schema/cacheId.go:38.93,43.26 3 1
ring/schema/cacheId.go:52.2,54.27 3 1
ring/schema/cacheId.go:43.26,49.3 5 1
ring/schema/cacheId.go:60.46,62.2 1 1
ring/schema/cacheId.go:63.46,65.2 1 1
ring/schema/cacheId.go:66.51,68.2 1 1
ring/schema/cacheId.go:71.46,72.19 1 1
ring/schema/cacheId.go:72.19,74.3 1 1
ring/schema/cacheId.go:74.8,76.3 1 1
ring/schema/cacheId.go:82.88,86.36 3 1
ring/schema/cacheId.go:108.2,108.24 1 1
ring/schema/cacheId.go:86.36,106.3 17 1
ring/schema/cacheId.go:112.42,118.28 4 0
ring/schema/cacheId.go:139.2,141.15 3 0
ring/schema/cacheId.go:118.28,120.32 1 0
ring/schema/cacheId.go:130.3,135.47 4 0
ring/schema/cacheId.go:120.32,123.4 2 0
ring/schema/cacheId.go:123.9,127.4 2 0
ring/schema/cacheId.go:135.47,137.4 1 0
ring/schema/cacheId.go:145.67,147.62 1 0
ring/schema/cacheId.go:153.2,158.33 4 0
ring/schema/cacheId.go:178.2,180.20 3 0
ring/schema/cacheId.go:147.62,151.3 1 0
ring/schema/cacheId.go:158.33,160.51 1 0
ring/schema/cacheId.go:169.3,174.47 4 0
ring/schema/cacheId.go:160.51,163.4 2 0
ring/schema/cacheId.go:163.9,166.4 2 0
ring/schema/cacheId.go:174.47,176.4 1 0
ring/schema/cacheId.go:186.108,193.2 6 1
ring/schema/cacheId.go:195.104,200.2 4 0
ring/schema/cacheId.go:202.103,214.2 8 0
ring/schema/language.go:663.13,668.38 3 1
ring/schema/language.go:668.38,670.18 2 1
ring/schema/language.go:673.3,677.33 4 1
ring/schema/language.go:680.3,681.24 2 1
ring/schema/language.go:670.18,671.29 1 0
ring/schema/language.go:677.33,678.29 1 0
ring/schema/language.go:685.45,687.17 2 1
ring/schema/language.go:687.17,689.3 1 1
ring/schema/language.go:695.41,697.2 1 1
ring/schema/language.go:699.44,701.2 1 1
ring/schema/language.go:703.44,705.2 1 1
ring/schema/language.go:707.50,709.2 1 1
ring/schema/language.go:711.65,713.2 1 1
ring/schema/language.go:718.52,719.99 1 1
ring/schema/language.go:722.2,722.22 1 1
ring/schema/language.go:719.99,721.3 1 1
ring/schema/language.go:725.51,726.36 1 1
ring/schema/language.go:729.2,729.11 1 1
ring/schema/language.go:726.36,728.3 1 1
ring/schema/language.go:732.51,735.36 3 1
ring/schema/language.go:739.2,739.15 1 1
ring/schema/language.go:735.36,738.3 1 1
ring/schema/language.go:742.66,744.20 2 1
ring/schema/language.go:748.2,748.68 1 1
ring/schema/language.go:758.2,760.17 2 1
ring/schema/language.go:763.2,763.18 1 1
ring/schema/language.go:744.20,746.3 1 1
ring/schema/language.go:748.68,750.21 2 1
ring/schema/language.go:754.3,754.65 1 1
ring/schema/language.go:750.21,752.4 1 1
ring/schema/language.go:754.65,756.4 1 1
ring/schema/language.go:760.17,762.3 1 1
ring/schema/language.go:766.48,768.2 1 0
ring/schema/language.go:770.45,774.2 3 1
ring/schema/language.go:776.43,779.2 1 0
ring/schema/language.go:784.50,789.34 5 1
ring/schema/language.go:797.2,797.29 1 1
ring/schema/language.go:789.34,794.3 4 1
ring/schema/language.go:794.8,796.3 1 1
ring/schema/language.go:800.48,802.34 2 1
ring/schema/language.go:805.2,805.15 1 1
ring/schema/language.go:802.34,804.3 1 1
ring/schema/language.go:808.55,820.2 9 0
ring/schema/language.go:822.56,827.2 4 0
ring/schema/language.go:829.42,842.2 9 1
ring/schema/language.go:844.66,848.2 2 0
ring/schema/language.go:850.60,854.47 3 1
ring/schema/language.go:860.2,860.12 1 1
ring/schema/language.go:854.47,856.61 2 1
ring/schema/language.go:856.61,858.4 1 1
ring/schema/language.go:863.81,867.18 3 1
ring/schema/language.go:872.2,872.61 1 1
ring/schema/language.go:875.2,875.12 1 1
ring/schema/language.go:867.18,868.29 1 1
ring/schema/language.go:868.29,870.4 1 1
ring/schema/language.go:872.61,874.3 1 1
ring/schema/meta.go:57.45,59.2 1 1
ring/schema/meta.go:60.50,62.2 1 1
ring/schema/meta.go:63.51,65.2 1 1
ring/schema/meta.go:66.45,68.2 1 1
ring/schema/meta.go:69.47,71.2 1 1
ring/schema/meta.go:72.48,74.2 1 1
ring/schema/meta.go:75.51,77.2 1 1
ring/schema/meta.go:78.44,80.2 1 1
ring/schema/meta.go:81.44,83.2 1 1
ring/schema/meta.go:84.44,86.2 1 1
ring/schema/meta.go:88.46,90.2 1 1
ring/schema/meta.go:92.48,94.2 1 1
ring/schema/meta.go:96.48,98.2 1 1
ring/schema/meta.go:100.58,102.2 1 1
ring/schema/meta.go:103.61,105.2 1 1
ring/schema/meta.go:107.67,109.2 1 1
ring/schema/meta.go:111.39,116.2 1 0
ring/schema/meta.go:118.64,120.2 1 1
ring/schema/meta.go:122.37,135.2 12 1
ring/schema/meta.go:142.40,143.50 1 1
ring/schema/meta.go:151.2,151.12 1 1
ring/schema/meta.go:143.50,150.3 3 1
ring/schema/meta.go:154.58,155.53 1 1
ring/schema/meta.go:161.2,161.12 1 1
ring/schema/meta.go:155.53,160.3 3 1
ring/schema/meta.go:164.40,165.50 1 1
ring/schema/meta.go:172.2,172.12 1 1
ring/schema/meta.go:165.50,171.3 4 1
ring/schema/meta.go:175.50,176.55 1 1
ring/schema/meta.go:182.2,182.12 1 1
ring/schema/meta.go:176.55,181.3 3 0
ring/schema/meta.go:185.60,186.53 1 1
ring/schema/meta.go:194.2,194.12 1 1
ring/schema/meta.go:186.53,193.3 4 0
ring/schema/meta.go:198.93,199.50 1 1
ring/schema/meta.go:211.2,211.12 1 1
ring/schema/meta.go:199.50,210.3 3 1
ring/schema/meta.go:214.62,215.54 1 1
ring/schema/meta.go:222.2,222.12 1 1
ring/schema/meta.go:215.54,221.3 5 1
ring/schema/meta.go:225.46,226.53 1 1
ring/schema/meta.go:231.2,231.12 1 1
ring/schema/meta.go:226.53,230.3 3 1
ring/schema/meta.go:234.44,235.34 1 1
ring/schema/meta.go:251.2,251.23 1 1
ring/schema/meta.go:235.34,246.65 1 1
ring/schema/meta.go:249.3,249.15 1 1
ring/schema/meta.go:246.65,248.4 1 1
ring/schema/meta.go:255.56,257.2 1 1
ring/schema/meta.go:258.51,260.2 1 1
ring/schema/meta.go:261.57,263.2 1 1
ring/schema/meta.go:264.49,266.2 1 1
ring/schema/meta.go:267.49,275.2 4 1
ring/schema/meta.go:277.77,282.2 4 1
ring/schema/meta.go:284.53,286.2 1 1
ring/schema/meta.go:287.54,289.2 1 1
ring/schema/meta.go:290.57,292.2 1 1
ring/schema/meta.go:293.50,295.2 1 1
ring/schema/meta.go:296.50,298.2 1 1
ring/schema/meta.go:299.50,301.2 1 1
ring/schema/meta.go:302.52,304.2 1 1
ring/schema/meta.go:305.54,307.2 1 1
ring/schema/meta.go:308.54,310.2 1 1
ring/schema/meta.go:312.79,320.2 4 1
ring/schema/meta.go:323.64,325.22 2 1
ring/schema/meta.go:325.22,328.20 3 1
ring/schema/meta.go:328.20,330.4 1 1
ring/schema/meta.go:330.9,332.4 1 1
ring/schema/meta.go:336.56,338.2 1 1
ring/schema/meta.go:340.85,351.28 8 0
ring/schema/meta.go:376.2,376.19 1 0
ring/schema/meta.go:351.28,352.52 1 0
ring/schema/meta.go:352.52,355.4 2 0
ring/schema/meta.go:356.8,368.17 4 0
ring/schema/meta.go:368.17,373.4 3 0
ring/schema/meta.go:379.122,392.37 10 0
ring/schema/meta.go:424.2,424.19 1 0
ring/schema/meta.go:392.37,396.22 3 0
ring/schema/meta.go:419.3,419.17 1 0
ring/schema/meta.go:396.22,405.4 3 0
ring/schema/meta.go:405.9,408.41 2 0
ring/schema/meta.go:408.41,417.5 4 0
ring/schema/meta.go:419.17,420.9 1 0
ring/schema/meta.go:427.122,435.33 5 0
ring/schema/meta.go:451.2,451.19 1 0
ring/schema/meta.go:435.33,437.33 2 0
ring/schema/meta.go:437.33,438.34 1 0
ring/schema/meta.go:438.34,439.33 1 0
ring/schema/meta.go:439.33,446.6 2 0
ring/schema/meta.go:454.87,458.49 1 0
ring/schema/meta.go:463.2,463.52 1 0
ring/schema/meta.go:466.2,469.30 3 0
ring/schema/meta.go:475.2,478.82 3 0
ring/schema/meta.go:458.49,460.3 1 0
ring/schema/meta.go:463.52,465.3 1 0
ring/schema/meta.go:469.30,470.22 1 0
ring/schema/meta.go:470.22,472.4 1 0
ring/schema/meta.go:482.94,485.51 2 0
ring/schema/meta.go:488.2,488.44 1 0
ring/schema/meta.go:499.2,499.15 1 0
ring/schema/meta.go:485.51,487.3 1 0
ring/schema/meta.go:488.44,490.84 2 0
ring/schema/meta.go:490.84,491.58 1 0
ring/schema/meta.go:494.4,495.77 2 0
ring/schema/meta.go:491.58,493.5 1 0
ring/schema/meta.go:502.39,503.51 1 0
ring/schema/meta.go:508.2,508.11 1 0
ring/schema/meta.go:503.51,505.3 1 0
ring/schema/meta.go:505.8,507.3 1 0
ring/schema/metaid.go:22.37,24.2 1 0
ring/schema/metaid.go:25.43,27.2 1 0
ring/schema/metaid.go:28.44,30.2 1 0
ring/schema/metaid.go:31.40,33.2 1 0
ring/schema/metaid.go:38.39,40.2 1 0
ring/schema/metaid.go:45.87,63.37 14 0
ring/schema/metaid.go:79.2,79.19 1 0
ring/schema/metaid.go:63.37,65.51 2 0
ring/schema/metaid.go:65.51,68.18 3 0
ring/schema/metaid.go:71.4,71.22 1 0
ring/schema/metaid.go:68.18,70.5 1 0
ring/schema/metaid.go:71.22,75.5 3 0
ring/schema/metaquery.go:44.13,57.2 9 1
ring/schema/metaquery.go:59.60,62.30 3 1
ring/schema/metaquery.go:62.30,64.3 1 1
ring/schema/metaquery.go:71.54,73.30 2 0
ring/schema/metaquery.go:76.2,76.25 1 0
ring/schema/metaquery.go:73.30,75.3 1 0
ring/schema/metaquery.go:76.25,78.3 1 0
ring/schema/metaquery.go:81.52,82.25 1 0
ring/schema/metaquery.go:86.2,87.30 2 0
ring/schema/metaquery.go:90.2,90.24 1 0
ring/schema/metaquery.go:82.25,85.3 1 0
ring/schema/metaquery.go:87.30,89.3 1 0
ring/schema/metaquery.go:90.24,91.89 1 0
ring/schema/metaquery.go:95.69,97.2 1 0
ring/schema/metaquery.go:99.43,101.2 1 0
ring/schema/metaquery.go:106.60,113.23 6 0
ring/schema/metaquery.go:131.2,131.16 1 0
ring/schema/metaquery.go:136.2,140.36 3 0
ring/schema/metaquery.go:144.2,144.18 1 0
ring/schema/metaquery.go:158.2,159.12 2 0
ring/schema/metaquery.go:113.23,119.3 5 0
ring/schema/metaquery.go:119.8,119.30 1 0
ring/schema/metaquery.go:119.30,126.3 4 0
ring/schema/metaquery.go:126.8,129.3 2 0
ring/schema/metaquery.go:131.16,135.3 3 0
ring/schema/metaquery.go:140.36,143.3 2 0
ring/schema/metaquery.go:144.18,145.37 1 0
ring/schema/metaquery.go:156.3,156.23 1 0
ring/schema/metaquery.go:145.37,146.27 1 0
ring/schema/metaquery.go:149.4,149.55 1 0
ring/schema/metaquery.go:154.4,154.85 1 0
ring/schema/metaquery.go:146.27,148.5 1 0
ring/schema/metaquery.go:149.55,153.5 3 0
ring/schema/metaquery.go:165.71,166.69 1 0
ring/schema/metaquery.go:171.2,171.11 1 0
ring/schema/metaquery.go:166.69,170.3 3 0
ring/schema/metaquery.go:174.59,175.24 1 0
ring/schema/metaquery.go:178.2,178.12 1 0
ring/schema/metaquery.go:175.24,177.3 1 0
ring/schema/metaquery.go:181.53,182.25 1 1
ring/schema/metaquery.go:186.2,186.46 1 1
ring/schema/metaquery.go:182.25,185.3 2 1
ring/schema/metaquery.go:189.91,191.18 2 0
ring/schema/metaquery.go:191.18,192.27 1 0
ring/schema/metaquery.go:195.3,195.26 1 0
ring/schema/metaquery.go:199.3,208.62 9 0
ring/schema/metaquery.go:192.27,194.4 1 0
ring/schema/metaquery.go:195.26,198.4 2 0
ring/schema/metaquery.go:212.67,214.18 2 0
ring/schema/metaquery.go:214.18,215.23 1 0
ring/schema/metaquery.go:220.3,220.25 1 0
ring/schema/metaquery.go:215.23,217.4 1 0
ring/schema/metaquery.go:217.9,219.4 1 0
ring/schema/metaquery.go:220.25,222.4 1 0
ring/schema/metaquery.go:226.45,227.74 1 0
ring/schema/metaquery.go:237.2,237.11 1 0
ring/schema/metaquery.go:227.74,229.43 2 0
ring/schema/metaquery.go:235.3,235.25 1 0
ring/schema/metaquery.go:229.43,231.32 2 0
ring/schema/metaquery.go:231.32,233.5 1 0
ring/schema/metaquery.go:240.43,241.24 1 0
ring/schema/metaquery.go:244.2,244.11 1 0
ring/schema/metaquery.go:241.24,243.3 1 0
ring/schema/metaquery.go:247.46,248.66 1 0
ring/schema/metaquery.go:299.2,299.12 1 0
ring/schema/metaquery.go:248.66,258.36 8 0
ring/schema/metaquery.go:297.3,297.16 1 0
ring/schema/metaquery.go:258.36,260.35 2 0
ring/schema/metaquery.go:294.4,295.28 2 0
ring/schema/metaquery.go:260.35,262.28 2 0
ring/schema/metaquery.go:263.22,266.11 3 0
ring/schema/metaquery.go:267.23,270.11 3 0
ring/schema/metaquery.go:271.19,273.11 2 0
ring/schema/metaquery.go:274.26,276.11 2 0
ring/schema/metaquery.go:277.20,280.11 3 0
ring/schema/metaquery.go:281.25,284.11 3 0
ring/schema/metaquery.go:285.26,288.11 3 0
ring/schema/metaquery.go:289.20,291.11 2 0
ring/schema/metaquery.go:302.47,303.28 1 0
ring/schema/metaquery.go:303.28,306.3 2 0
ring/schema/metaquery.go:306.8,308.3 1 0
ring/schema/metaquery.go:311.50,312.68 1 0
ring/schema/metaquery.go:348.2,348.12 1 0
ring/schema/metaquery.go:312.68,322.36 8 0
ring/schema/metaquery.go:346.3,346.16 1 0
ring/schema/metaquery.go:322.36,324.35 2 0
ring/schema/metaquery.go:324.35,326.28 2 0
ring/schema/metaquery.go:327.22,330.11 3 0
ring/schema/metaquery.go:331.23,334.11 3 0
ring/schema/metaquery.go:335.25,338.11 3 0
ring/schema/metaquery.go:339.20,342.11 3 0
ring/schema/metaquery.go:353.52,354.25 1 0
ring/schema/metaquery.go:368.2,371.36 4 0
ring/schema/metaquery.go:354.25,355.23 1 0
ring/schema/metaquery.go:362.3,362.24 1 0
ring/schema/metaquery.go:355.23,358.4 2 0
ring/schema/metaquery.go:358.9,361.4 2 0
ring/schema/metaquery.go:362.24,364.4 1 0
ring/schema/metaquery.go:365.8,367.3 1 0
ring/schema/metaquery.go:375.48,377.23 1 0
ring/schema/metaquery.go:380.2,383.30 4 0
ring/schema/metaquery.go:386.2,387.36 2 0
ring/schema/metaquery.go:377.23,379.3 1 0
ring/schema/metaquery.go:383.30,385.3 1 0
ring/schema/metaquery.go:392.68,397.45 4 0
ring/schema/metaquery.go:404.2,404.42 1 0
ring/schema/metaquery.go:409.2,411.16 2 0
ring/schema/metaquery.go:397.45,401.3 2 0
ring/schema/metaquery.go:404.42,406.3 1 0
ring/schema/metaquery.go:406.8,408.3 1 0
ring/schema/metaquery.go:411.16,412.34 1 0
ring/schema/metaquery.go:412.34,415.4 2 0
ring/schema/metaquery.go:416.8,419.3 2 0
ring/schema/metaquery.go:423.27,426.19 2 1
ring/schema/metaquery.go:434.2,434.20 1 1
ring/schema/metaquery.go:427.94,429.8 2 1
ring/schema/metaquery.go:430.26,432.8 2 1
ring/schema/metaquery.go:437.111,441.50 2 1
ring/schema/metaquery.go:444.2,444.88 1 1
ring/schema/metaquery.go:441.50,443.3 1 1
ring/schema/metaquery.go:447.109,453.72 4 1
ring/schema/metaquery.go:458.2,458.24 1 1
ring/schema/metaquery.go:468.2,471.97 3 1
ring/schema/metaquery.go:453.72,455.3 1 1
ring/schema/metaquery.go:455.8,457.3 1 1
ring/schema/metaquery.go:458.24,459.51 1 1
ring/schema/metaquery.go:463.3,463.54 1 1
ring/schema/metaquery.go:459.51,462.4 2 1
ring/schema/metaquery.go:463.54,466.4 2 1
ring/schema/metaquery.go:474.67,477.28 2 1
ring/schema/metaquery.go:480.2,480.70 1 1
ring/schema/metaquery.go:477.28,479.3 1 1
ring/schema/metaquery.go:484.73,490.43 5 0
ring/schema/metaquery.go:493.2,493.12 1 0
ring/schema/metaquery.go:490.43,492.3 1 0
ring/schema/metaquery.go:496.71,502.41 5 0
ring/schema/metaquery.go:505.2,505.12 1 0
ring/schema/metaquery.go:502.41,504.3 1 0
ring/schema/metaquery.go:508.86,514.42 5 0
ring/schema/metaquery.go:517.2,517.12 1 0
ring/schema/metaquery.go:514.42,516.3 1 0
ring/schema/metaquery.go:520.75,526.45 5 0
ring/schema/metaquery.go:529.2,529.12 1 0
ring/schema/metaquery.go:526.45,528.3 1 0
ring/schema/metaquery.go:532.73,538.47 5 0
ring/schema/metaquery.go:542.2,542.12 1 0
ring/schema/metaquery.go:538.47,540.3 1 0
ring/schema/metaquery.go:545.74,551.47 5 0
ring/schema/metaquery.go:555.2,555.12 1 0
ring/schema/metaquery.go:551.47,553.3 1 0
ring/schema/metaquery.go:559.60,566.2 6 0
ring/schema/metaquery.go:568.60,575.2 6 0
ring/schema/metaquery.go:577.60,584.2 6 0
ring/schema/metaquery.go:586.85,587.25 1 0
ring/schema/metaquery.go:590.2,591.21 2 0
ring/schema/metaquery.go:620.2,620.17 1 0
ring/schema/metaquery.go:587.25,589.3 1 0
ring/schema/metaquery.go:592.9,593.27 1 0
ring/schema/metaquery.go:594.9,595.38 1 0
ring/schema/metaquery.go:596.9,597.49 1 0
ring/schema/metaquery.go:598.9,599.60 1 0
ring/schema/metaquery.go:600.9,601.71 1 0
ring/schema/metaquery.go:602.9,603.82 1 0
ring/schema/metaquery.go:604.9,605.93 1 0
ring/schema/metaquery.go:606.9,607.104 1 0
ring/schema/metaquery.go:608.9,609.115 1 0
ring/schema/metaquery.go:610.9,612.14 1 0
ring/schema/metaquery.go:613.10,615.25 1 0
ring/schema/metaquery.go:616.10,618.37 1 0
ring/schema/metaquery.go:623.54,640.2 14 0
ring/schema/metaquery.go:642.74,656.2 13 0
ring/schema/metaquery.go:658.74,678.2 13 0
ring/schema/metaquery.go:680.92,681.26 1 0
ring/schema/metaquery.go:685.2,691.29 7 0
ring/schema/metaquery.go:681.26,684.3 2 0
ring/schema/metaquery.go:694.60,702.2 7 0
ring/schema/relation.go:35.61,45.2 9 1
ring/schema/relation.go:50.41,52.2 1 1
ring/schema/relation.go:54.44,56.2 1 1
ring/schema/relation.go:58.51,60.2 1 1
ring/schema/relation.go:62.48,64.2 1 0
ring/schema/relation.go:66.47,68.2 1 1
ring/schema/relation.go:70.63,72.2 1 1
ring/schema/relation.go:74.44,76.2 1 1
ring/schema/relation.go:78.45,80.2 1 1
ring/schema/relation.go:82.43,84.2 1 1
ring/schema/relation.go:86.48,88.2 1 1
ring/schema/relation.go:90.65,92.2 1 1
ring/schema/relation.go:94.58,96.2 1 1
ring/schema/relation.go:98.52,100.2 1 1
ring/schema/relation.go:102.73,104.2 1 1
ring/schema/relation.go:106.53,108.2 1 0
ring/schema/relation.go:110.43,112.2 1 0
ring/schema/relation.go:117.94,119.2 1 1
ring/schema/relation.go:121.85,122.29 1 1
ring/schema/relation.go:131.2,131.11 1 1
ring/schema/relation.go:122.29,124.30 2 1
ring/schema/relation.go:124.30,126.40 2 1
ring/schema/relation.go:126.40,128.5 1 1
ring/schema/relation.go:134.45,142.2 3 1
ring/schema/relation.go:144.43,148.2 1 0
ring/schema/relation.go:150.46,151.80 1 1
ring/schema/relation.go:154.2,154.11 1 0
ring/schema/relation.go:151.80,153.3 1 1
ring/schema/relation.go:162.60,166.2 1 1
ring/schema/relation.go:168.44,169.29 1 0
ring/schema/relation.go:177.2,177.12 1 0
ring/schema/relation.go:169.29,171.30 2 0
ring/schema/relation.go:171.30,175.4 3 0
ring/schema/relation.go:180.51,181.29 1 0
ring/schema/relation.go:184.2,184.35 1 0
ring/schema/relation.go:181.29,183.3 1 0
ring/schema/relation.go:187.107,189.2 1 1
ring/schema/relation.go:191.55,201.29 5 1
ring/schema/relation.go:205.2,211.37 5 1
ring/schema/relation.go:215.2,219.15 4 1
ring/schema/relation.go:201.29,203.3 1 1
ring/schema/relation.go:211.37,213.3 1 0
ring/schema/relation.go:222.64,234.29 10 1
ring/schema/relation.go:245.2,247.30 2 1
ring/schema/relation.go:253.2,253.19 1 1
ring/schema/relation.go:234.29,239.3 4 1
ring/schema/relation.go:239.8,244.3 4 1
ring/schema/relation.go:247.30,249.3 1 1
ring/schema/relation.go:249.8,251.3 1 1
ring/schema/relation.go:256.67,257.17 1 1
ring/schema/relation.go:260.2,260.43 1 1
ring/schema/relation.go:257.17,259.3 1 1
ring/schema/sequence.go:34.135,44.2 9 1
ring/schema/sequence.go:49.41,51.2 1 0
ring/schema/sequence.go:53.44,55.2 1 1
ring/schema/sequence.go:57.51,59.2 1 0
ring/schema/sequence.go:61.47,63.2 1 0
ring/schema/sequence.go:65.47,67.2 1 0
ring/schema/sequence.go:69.65,71.2 1 1
ring/schema/sequence.go:72.49,74.2 1 0
ring/schema/sequence.go:79.45,81.2 1 0
ring/schema/sequence.go:83.45,90.2 4 0
ring/schema/sequence.go:92.43,96.2 1 0
ring/schema/sequence.go:101.41,113.2 9 0
ring/schema/sequence.go:115.42,122.2 4 0
ring/schema/sequence.go:124.62,131.2 5 1
ring/schema/sequence.go:133.66,138.2 4 1
ring/schema/sequence.go:140.63,145.2 4 1
ring/schema/sequence.go:147.64,152.2 4 1
ring/schema/sequence.go:154.64,159.2 4 1
ring/schema/sequence.go:161.42,181.2 12 0
ring/schema/catalogue.go:30.13,35.2 2 1
ring/schema/catalogue.go:44.116,56.18 9 1
ring/schema/catalogue.go:65.2,69.22 4 1
ring/schema/catalogue.go:79.2,79.41 1 1
ring/schema/catalogue.go:86.2,86.24 1 1
ring/schema/catalogue.go:57.35,59.8 2 1
ring/schema/catalogue.go:60.30,62.8 2 1
ring/schema/catalogue.go:69.22,74.42 5 1
ring/schema/catalogue.go:77.3,77.18 1 1
ring/schema/catalogue.go:74.42,76.4 1 1
ring/schema/catalogue.go:79.41,84.3 4 1
ring/schema/catalogue.go:92.64,94.17 2 0
ring/schema/catalogue.go:110.2,110.39 1 0
ring/schema/catalogue.go:94.17,98.47 4 0
ring/schema/catalogue.go:101.3,101.51 1 0
ring/schema/catalogue.go:104.3,105.17 2 0
ring/schema/catalogue.go:108.3,108.16 1 0
ring/schema/catalogue.go:98.47,100.4 1 0
ring/schema/catalogue.go:101.51,103.4 1 0
ring/schema/catalogue.go:105.17,106.14 1 0
ring/schema/catalogue.go:113.73,116.45 1 1
ring/schema/catalogue.go:116.45,118.43 2 1
ring/schema/catalogue.go:118.43,121.4 2 1
ring/schema/catalogue.go:121.9,123.4 1 1
ring/schema/catalogue.go:124.8,126.3 1 1
ring/schema/database.go:33.13,42.2 8 1
ring/schema/database.go:47.35,49.2 1 1
ring/schema/database.go:51.41,53.2 1 1
ring/schema/database.go:59.124,61.33 1 1
ring/schema/database.go:65.2,70.72 4 1
ring/schema/database.go:74.2,84.36 5 1
ring/schema/database.go:103.2,103.14 1 1
ring/schema/database.go:61.33,63.3 1 0
ring/schema/database.go:70.72,72.3 1 1
ring/schema/database.go:84.36,98.37 6 0
ring/schema/database.go:98.37,100.4 1 0
ring/schema/database.go:106.33,108.2 1 0
ring/schema/database.go:110.53,114.16 4 1
ring/schema/database.go:118.2,119.19 2 1
ring/schema/database.go:122.2,122.12 1 1
ring/schema/database.go:114.16,117.3 2 1
ring/schema/database.go:119.19,121.3 1 1
ring/schema/database.go:125.43,132.34 6 1
ring/schema/database.go:145.2,145.51 1 1
ring/schema/database.go:148.2,148.12 1 1
ring/schema/database.go:132.34,136.26 4 1
ring/schema/database.go:136.26,138.9 2 1
ring/schema/database.go:139.9,139.32 1 1
ring/schema/database.go:139.32,141.4 1 1
ring/schema/database.go:141.9,143.4 1 1
ring/schema/database.go:145.51,147.3 1 1
ring/schema/database.go:151.38,155.34 4 1
ring/schema/database.go:167.2,167.12 1 1
ring/schema/database.go:155.34,159.26 4 1
ring/schema/database.go:159.26,161.4 1 1
ring/schema/database.go:161.9,161.32 1 1
ring/schema/database.go:161.32,163.4 1 1
ring/schema/database.go:163.9,165.4 1 1
ring/schema/database.go:173.63,175.23 2 0
ring/schema/database.go:178.2,178.36 1 0
ring/schema/database.go:175.23,177.3 1 0
ring/schema/database.go:181.43,187.2 5 1
ring/schema/database.go:190.51,199.19 6 0
ring/schema/database.go:212.2,213.26 2 0
ring/schema/database.go:199.19,201.3 1 0
ring/schema/database.go:201.8,203.44 2 0
ring/schema/database.go:203.44,205.4 1 0
ring/schema/database.go:205.9,210.4 4 0
ring/schema/database.go:217.32,226.51 8 1
ring/schema/database.go:236.2,236.44 1 1
ring/schema/database.go:226.51,228.54 2 1
ring/schema/database.go:228.54,232.4 2 1
ring/schema/database.go:232.9,233.9 1 1
ring/schema/database.go:236.44,238.44 2 1
ring/schema/database.go:238.44,242.4 2 1
ring/schema/database.go:242.9,243.9 1 1
ring/schema/database.go:248.43,249.30 1 0
ring/schema/database.go:249.30,251.17 2 0
ring/schema/database.go:251.17,252.14 1 0
ring/schema/database.go:257.39,263.38 3 0
ring/schema/database.go:279.2,279.33 1 0
ring/schema/database.go:263.38,265.65 1 0
ring/schema/database.go:265.65,267.18 2 0
ring/schema/database.go:270.4,271.18 2 0
ring/schema/database.go:274.4,274.41 1 0
ring/schema/database.go:267.18,268.15 1 0
ring/schema/database.go:271.18,272.15 1 0
ring/schema/database.go:282.38,284.33 2 0
ring/schema/database.go:284.33,286.17 2 0
ring/schema/database.go:289.3,290.17 2 0
ring/schema/database.go:293.3,295.17 3 0
ring/schema/database.go:298.3,298.40 1 0
ring/schema/database.go:286.17,287.14 1 0
ring/schema/database.go:290.17,291.14 1 0
ring/schema/database.go:295.17,296.14 1 0
ring/schema/database.go:302.41,304.32 2 0
ring/schema/database.go:304.32,306.17 2 0
ring/schema/database.go:309.3,310.17 2 0
ring/schema/database.go:313.3,313.40 1 0
ring/schema/database.go:306.17,307.14 1 0
ring/schema/database.go:310.17,311.14 1 0
ring/schema/database.go:317.42,318.44 1 0
ring/schema/database.go:318.44,319.33 1 0
ring/schema/database.go:322.3,323.80 2 0
ring/schema/database.go:319.33,321.4 1 0
ring/schema/database.go:323.80,325.4 1 0
ring/schema/database.go:329.43,330.46 1 0
ring/schema/database.go:330.46,331.34 1 0
ring/schema/database.go:331.34,333.4 1 0
ring/schema/database.go:338.32,347.16 6 0
ring/schema/database.go:350.2,355.29 4 0
ring/schema/database.go:358.2,358.15 1 0
ring/schema/database.go:347.16,348.13 1 0
ring/schema/database.go:355.29,357.3 1 0
ring/schema/database.go:362.84,367.2 4 0
ring/schema/database.go:370.97,376.30 4 0
ring/schema/database.go:380.2,380.41 1 0
ring/schema/database.go:386.2,387.16 2 0
ring/schema/database.go:391.2,391.28 1 0
ring/schema/database.go:376.30,378.3 1 0
ring/schema/database.go:380.41,382.3 1 0
ring/schema/database.go:387.16,388.13 1 0
ring/schema/database.go:395.45,401.16 5 0
ring/schema/database.go:404.2,404.30 1 0
ring/schema/database.go:401.16,402.13 1 0
ring/schema/database.go:407.55,410.26 2 0
ring/schema/database.go:414.2,424.12 8 0
ring/schema/database.go:410.26,413.3 2 0
ring/schema/constraint.go:36.121,41.2 4 1
ring/schema/constraint.go:46.41,48.2 1 1
ring/schema/constraint.go:49.44,51.2 1 1
ring/schema/constraint.go:52.52,54.2 1 1
ring/schema/constraint.go:55.65,57.2 1 1
ring/schema/constraint.go:58.50,60.2 1 1
ring/schema/constraint.go:61.59,63.2 1 1
ring/schema/constraint.go:65.81,67.2 1 1
ring/schema/constraint.go:72.101,73.37 1 1
ring/schema/constraint.go:85.2,85.11 1 1
ring/schema/constraint.go:73.37,74.27 1 1
ring/schema/constraint.go:75.34,76.52 1 1
ring/schema/constraint.go:77.29,78.31 1 1
ring/schema/constraint.go:79.34,80.42 1 1
ring/schema/constraint.go:81.31,82.33 1 1
ring/schema/constraint.go:88.47,92.2 3 0
ring/schema/constraint.go:97.69,99.96 2 0
ring/schema/constraint.go:103.2,103.104 1 0
ring/schema/constraint.go:107.2,109.17 2 0
ring/schema/constraint.go:120.2,120.12 1 0
ring/schema/constraint.go:99.96,102.3 1 0
ring/schema/constraint.go:103.104,106.3 1 0
ring/schema/constraint.go:109.17,116.17 6 0
ring/schema/constraint.go:116.17,118.4 1 0
ring/schema/constraint.go:123.52,125.26 2 1
ring/schema/constraint.go:160.2,160.76 1 1
ring/schema/constraint.go:126.33,129.46 2 1
ring/schema/constraint.go:133.3,133.26 1 1
ring/schema/constraint.go:138.3,138.8 1 1
ring/schema/constraint.go:139.28,142.8 2 1
ring/schema/constraint.go:143.33,144.46 1 1
ring/schema/constraint.go:158.3,158.8 1 1
ring/schema/constraint.go:129.46,131.4 1 1
ring/schema/constraint.go:133.26,135.4 1 1
ring/schema/constraint.go:135.9,137.4 1 1
ring/schema/constraint.go:144.46,150.4 2 0
ring/schema/constraint.go:150.9,157.4 2 1
ring/schema/constraint.go:163.49,165.32 2 1
ring/schema/constraint.go:177.2,177.15 1 1
ring/schema/constraint.go:166.26,170.8 2 0
ring/schema/constraint.go:171.74,175.8 2 1
ring/schema/constraint.go:180.81,186.18 4 1
ring/schema/constraint.go:199.2,199.11 1 0
ring/schema/constraint.go:186.18,187.67 1 1
ring/schema/constraint.go:192.3,192.19 1 1
ring/schema/constraint.go:187.67,190.4 1 0
ring/schema/constraint.go:193.60,196.33 1 1
ring/schema/constraint.go:202.59,203.71 1 1
ring/schema/constraint.go:214.2,214.11 1 0
ring/schema/constraint.go:203.71,206.19 2 1
ring/schema/constraint.go:207.60,211.82 1 1
ring/schema/constraint.go:217.50,222.53 4 1
ring/schema/constraint.go:226.2,226.59 1 1
ring/schema/constraint.go:230.2,230.18 1 1
ring/schema/constraint.go:240.2,240.11 1 0
ring/schema/constraint.go:222.53,225.3 2 1
ring/schema/constraint.go:226.59,229.3 1 0
ring/schema/constraint.go:231.35,233.57 1 1
ring/schema/constraint.go:234.30,236.75 1 1
ring/schema/constraint.go:243.48,247.112 2 1
ring/schema/constraint.go:259.2,259.11 1 0
ring/schema/constraint.go:247.112,250.91 2 1
ring/schema/constraint.go:254.3,256.24 1 1
ring/schema/constraint.go:250.91,252.4 1 1
ring/schema/constraint.go:262.81,264.89 1 0
ring/schema/constraint.go:272.2,272.12 1 0
ring/schema/constraint.go:264.89,271.3 6 0
ring/schema/field.go:98.13,109.2 6 1
ring/schema/field.go:112.104,117.18 5 1
ring/schema/field.go:122.2,128.58 6 1
ring/schema/field.go:117.18,119.3 1 1
ring/schema/field.go:119.8,121.3 1 1
ring/schema/field.go:134.35,136.2 1 1
ring/schema/field.go:138.38,140.2 1 1
ring/schema/field.go:142.45,144.2 1 1
ring/schema/field.go:146.51,148.2 1 1
ring/schema/field.go:150.38,152.2 1 1
ring/schema/field.go:154.46,156.2 1 1
ring/schema/field.go:158.39,160.2 1 1
ring/schema/field.go:162.38,164.2 1 1
ring/schema/field.go:166.44,168.2 1 1
ring/schema/field.go:170.37,172.2 1 1
ring/schema/field.go:174.43,176.2 1 1
ring/schema/field.go:178.59,181.2 1 1
ring/schema/field.go:183.60,185.2 1 1
ring/schema/field.go:187.42,189.2 1 1
ring/schema/field.go:191.42,193.2 1 1
ring/schema/field.go:195.58,197.2 1 1
ring/schema/field.go:202.36,204.107 1 1
ring/schema/field.go:207.2,207.21 1 1
ring/schema/field.go:204.107,206.3 1 1
ring/schema/field.go:210.41,213.2 1 1
ring/schema/field.go:215.38,220.2 1 1
ring/schema/field.go:222.39,224.2 1 1
ring/schema/field.go:229.107,235.16 3 1
ring/schema/field.go:235.16,237.3 1 0
ring/schema/field.go:237.8,239.3 1 1
ring/schema/field.go:242.110,244.38 2 1
ring/schema/field.go:247.2,247.98 1 1
ring/schema/field.go:244.38,246.3 1 1
ring/schema/field.go:251.60,252.25 1 1
ring/schema/field.go:277.2,277.56 1 1
ring/schema/field.go:253.24,254.53 1 1
ring/schema/field.go:258.3,258.20 1 1
ring/schema/field.go:259.70,260.42 1 1
ring/schema/field.go:263.3,263.8 1 1
ring/schema/field.go:264.75,267.15 2 0
ring/schema/field.go:270.3,270.18 1 0
ring/schema/field.go:271.10,272.32 1 1
ring/schema/field.go:275.3,275.8 1 1
ring/schema/field.go:254.53,257.4 1 1
ring/schema/field.go:260.42,262.4 1 1
ring/schema/field.go:267.15,269.4 1 0
ring/schema/field.go:272.32,274.4 1 1
ring/schema/field.go:280.53,282.43 1 1
ring/schema/field.go:285.2,285.25 1 1
ring/schema/field.go:302.2,302.14 1 1
ring/schema/field.go:282.43,284.3 1 1
ring/schema/field.go:286.70,287.37 1 1
ring/schema/field.go:288.24,290.20 2 1
ring/schema/field.go:291.23,293.20 2 1
ring/schema/field.go:294.24,295.14 1 1
ring/schema/field.go:296.75,298.20 2 1
ring/schema/field.go:299.25,300.79 1 1
ring/schema/field.go:305.36,310.2 3 1
ring/schema/field.go:312.37,314.59 2 1
ring/schema/field.go:317.2,318.72 1 1
ring/schema/field.go:314.59,316.3 1 0
ring/schema/field.go:321.59,322.25 1 1
ring/schema/field.go:332.2,332.11 1 0
ring/schema/field.go:323.26,324.43 1 1
ring/schema/field.go:325.31,326.42 1 1
ring/schema/field.go:327.30,328.36 1 0
ring/schema/field.go:329.24,330.43 1 0
ring/schema/field.go:336.65,337.25 1 1
ring/schema/field.go:353.2,353.14 1 1
ring/schema/field.go:338.70,340.13 2 1
ring/schema/field.go:341.41,343.13 2 1
ring/schema/field.go:344.25,345.22 1 1
ring/schema/field.go:348.3,348.15 1 1
ring/schema/field.go:349.26,351.13 2 1
ring/schema/field.go:345.22,347.4 1 1
ring/schema/field.go:356.88,358.2 1 1
ring/schema/field.go:363.120,365.38 2 1
ring/schema/field.go:368.2,369.35 1 1
ring/schema/field.go:365.38,367.3 1 1
ring/schema/field.go:373.48,378.2 1 1
ring/schema/field.go:380.53,382.2 1 1
ring/schema/field.go:384.49,409.2 16 1
ring/schema/field.go:411.55,413.26 2 1
ring/schema/field.go:425.2,425.25 1 1
ring/schema/field.go:435.2,435.14 1 1
ring/schema/field.go:413.26,414.27 1 1
ring/schema/field.go:414.27,416.12 2 1
ring/schema/field.go:417.9,417.35 1 1
ring/schema/field.go:417.35,419.12 2 1
ring/schema/field.go:420.9,422.4 1 1
ring/schema/field.go:426.22,427.49 1 1
ring/schema/field.go:428.21,429.49 1 1
ring/schema/field.go:430.23,431.49 1 1
ring/schema/field.go:432.22,433.49 1 1
ring/schema/field.go:438.75,443.2 1 1
ring/schema/field.go:445.75,450.2 1 1
ring/schema/field.go:451.75,456.2 1 1
ring/schema/field.go:457.75,462.2 1 1
ring/schema/field.go:464.65,466.46 2 1
ring/schema/field.go:469.2,469.27 1 1
ring/schema/field.go:487.2,487.24 1 1
ring/schema/field.go:466.46,468.3 1 1
ring/schema/field.go:469.27,470.20 1 1
ring/schema/field.go:470.20,472.25 1 1
ring/schema/field.go:475.4,475.27 1 1
ring/schema/field.go:472.25,474.5 1 1
ring/schema/field.go:476.27,477.31 1 1
ring/schema/field.go:478.28,479.32 1 1
ring/schema/field.go:480.33,481.37 1 0
ring/schema/field.go:482.32,483.36 1 0
ring/schema/field.go:490.51,491.25 1 1
ring/schema/field.go:499.2,499.31 1 1
ring/schema/field.go:492.21,493.32 1 1
ring/schema/field.go:494.22,495.32 1 1
ring/schema/field.go:496.23,497.32 1 1
ring/schema/field.go:502.87,507.18 4 1
ring/schema/field.go:518.2,518.44 1 1
ring/schema/field.go:530.2,530.15 1 1
ring/schema/field.go:508.30,511.8 3 1
ring/schema/field.go:512.35,515.8 3 1
ring/schema/field.go:518.44,520.42 2 1
ring/schema/field.go:520.42,521.53 1 1
ring/schema/field.go:521.53,523.5 1 1
ring/schema/field.go:523.10,526.5 1 1
ring/schema/field.go:533.74,540.22 3 1
ring/schema/field.go:540.22,547.15 2 1
ring/schema/field.go:550.3,550.99 1 1
ring/schema/field.go:556.3,556.23 1 1
ring/schema/field.go:567.3,567.15 1 1
ring/schema/field.go:547.15,549.4 1 1
ring/schema/field.go:550.99,554.4 2 1
ring/schema/field.go:556.23,562.49 4 1
ring/schema/field.go:562.49,565.5 1 1
ring/schema/field.go:568.8,570.3 1 1
ring/schema/field.go:573.101,575.2 1 1
ring/schema/import.go:89.79,98.2 8 0
ring/schema/import.go:103.44,105.2 1 0
ring/schema/import.go:107.39,109.2 1 0
ring/schema/import.go:111.44,113.2 1 0
ring/schema/import.go:115.50,117.2 1 0
ring/schema/import.go:119.47,121.2 1 0
ring/schema/import.go:123.65,125.2 1 0
ring/schema/import.go:127.47,129.2 1 0
ring/schema/import.go:131.83,133.2 1 0
ring/schema/import.go:138.40,149.33 11 0
ring/schema/import.go:153.2,153.37 1 0
ring/schema/import.go:156.2,156.49 1 0
ring/schema/import.go:166.2,167.12 2 0
ring/schema/import.go:149.33,152.3 1 0
ring/schema/import.go:153.37,155.3 1 0
ring/schema/import.go:156.49,159.14 3 0
ring/schema/import.go:159.14,164.4 4 0
ring/schema/import.go:170.37,174.34 3 0
ring/schema/import.go:174.34,177.17 3 0
ring/schema/import.go:182.3,183.17 2 0
ring/schema/import.go:187.3,196.15 6 0
ring/schema/import.go:177.17,180.4 2 0
ring/schema/import.go:183.17,186.4 2 0
ring/schema/import.go:201.42,203.2 1 0
ring/schema/import.go:208.54,210.20 2 0
ring/schema/import.go:215.2,215.38 1 0
ring/schema/import.go:220.2,221.16 2 0
ring/schema/import.go:225.2,230.16 6 0
ring/schema/import.go:233.2,233.24 1 0
ring/schema/import.go:210.20,213.3 2 0
ring/schema/import.go:215.38,219.3 2 0
ring/schema/import.go:221.16,224.3 2 0
ring/schema/import.go:230.16,232.3 1 0
ring/schema/import.go:236.37,253.16 12 0
ring/schema/import.go:259.2,260.16 2 0
ring/schema/import.go:264.2,266.6 3 0
ring/schema/import.go:285.2,285.25 1 0
ring/schema/import.go:253.16,256.3 1 0
ring/schema/import.go:260.16,263.3 2 0
ring/schema/import.go:266.6,268.34 2 0
ring/schema/import.go:275.3,275.27 1 0
ring/schema/import.go:268.34,270.9 1 0
ring/schema/import.go:271.9,271.24 1 0
ring/schema/import.go:271.24,274.4 2 0
ring/schema/import.go:276.25,278.23 2 0
ring/schema/import.go:281.4,281.9 1 0
ring/schema/import.go:278.23,280.5 1 0
ring/schema/import.go:288.156,292.55 2 0
ring/schema/import.go:296.2,296.59 1 0
ring/schema/import.go:300.2,300.108 1 0
ring/schema/import.go:311.2,311.54 1 0
ring/schema/import.go:319.2,319.57 1 0
ring/schema/import.go:327.2,327.54 1 0
ring/schema/import.go:336.2,336.60 1 0
ring/schema/import.go:339.2,339.17 1 0
ring/schema/import.go:292.55,294.3 1 0
ring/schema/import.go:296.59,298.3 1 0
ring/schema/import.go:300.108,309.3 7 0
ring/schema/import.go:311.54,317.3 5 0
ring/schema/import.go:319.57,325.3 4 0
ring/schema/import.go:327.54,334.3 5 0
ring/schema/import.go:336.60,338.3 1 0
ring/schema/import.go:342.86,356.2 11 0
ring/schema/import.go:358.90,370.78 11 0
ring/schema/import.go:373.2,374.78 2 0
ring/schema/import.go:378.2,378.15 1 0
ring/schema/import.go:370.78,372.3 1 0
ring/schema/import.go:374.78,376.3 1 0
ring/schema/import.go:381.150,390.29 8 0
ring/schema/import.go:411.2,411.15 1 0
ring/schema/import.go:390.29,392.48 2 0
ring/schema/import.go:393.34,396.9 2 0
ring/schema/import.go:397.59,400.9 2 0
ring/schema/import.go:401.59,404.9 2 0
ring/schema/import.go:405.97,408.9 2 0
ring/schema/import.go:414.96,415.23 1 0
ring/schema/import.go:424.2,424.11 1 0
ring/schema/import.go:415.23,417.30 2 0
ring/schema/import.go:417.30,419.62 2 0
ring/schema/import.go:419.62,421.5 1 0
ring/schema/import.go:427.86,429.16 2 0
ring/schema/import.go:436.2,437.11 2 0
ring/schema/import.go:429.16,430.53 1 0
ring/schema/import.go:433.3,434.12 2 0
ring/schema/import.go:430.53,432.4 1 0
ring/schema/import.go:440.115,441.99 1 0
ring/schema/import.go:444.2,444.100 1 0
ring/schema/import.go:449.2,449.10 1 0
ring/schema/import.go:441.99,443.3 1 0
ring/schema/import.go:444.100,445.63 1 0
ring/schema/import.go:445.63,447.4 1 0
ring/schema/import.go:452.91,454.35 1 0
ring/schema/import.go:458.2,458.11 1 0
ring/schema/import.go:454.35,457.3 1 0
ring/schema/import.go:461.72,464.29 3 0
ring/schema/import.go:481.2,481.23 1 0
ring/schema/import.go:464.29,466.129 2 0
ring/schema/import.go:466.129,467.49 1 0
ring/schema/import.go:468.36,471.10 2 0
ring/schema/import.go:472.36,474.10 2 0
ring/schema/import.go:475.34,477.10 2 0
ring/schema/import.go:484.75,490.29 5 0
ring/schema/import.go:514.2,514.23 1 0
ring/schema/import.go:490.29,494.127 3 0
ring/schema/import.go:505.3,505.73 1 0
ring/schema/import.go:508.3,510.66 1 0
ring/schema/import.go:494.127,495.49 1 0
ring/schema/import.go:496.36,499.10 2 0
ring/schema/import.go:500.35,502.10 2 0
ring/schema/import.go:505.73,507.4 1 0
ring/schema/import.go:510.66,512.4 1 0
ring/schema/import.go:517.84,522.29 5 0
ring/schema/import.go:551.2,551.23 1 0
ring/schema/import.go:522.29,526.127 3 0
ring/schema/import.go:540.3,540.129 1 0
ring/schema/import.go:547.3,547.70 1 0
ring/schema/import.go:526.127,527.49 1 0
ring/schema/import.go:528.36,531.10 2 0
ring/schema/import.go:532.35,534.10 2 0
ring/schema/import.go:535.37,537.10 2 0
ring/schema/import.go:540.129,541.49 1 0
ring/schema/import.go:542.37,544.10 2 0
ring/schema/import.go:547.70,549.4 1 0
ring/schema/import.go:554.72,559.29 4 0
ring/schema/import.go:581.2,581.23 1 0
ring/schema/import.go:559.29,563.127 3 0
ring/schema/import.go:577.3,577.73 1 0
ring/schema/import.go:563.127,564.49 1 0
ring/schema/import.go:565.36,568.10 2 0
ring/schema/import.go:569.34,571.10 2 0
ring/schema/import.go:572.34,574.10 2 0
ring/schema/import.go:577.73,579.4 1 0
ring/schema/import.go:584.86,588.6 2 0
ring/schema/import.go:611.2,611.11 1 0
ring/schema/import.go:588.6,590.34 2 0
ring/schema/import.go:597.3,597.27 1 0
ring/schema/import.go:590.34,592.9 1 0
ring/schema/import.go:593.9,593.24 1 0
ring/schema/import.go:593.24,596.4 2 0
ring/schema/import.go:598.25,599.61 1 0
ring/schema/import.go:604.4,604.9 1 0
ring/schema/import.go:605.23,606.56 1 0
ring/schema/import.go:599.61,603.5 3 0
ring/schema/import.go:606.56,608.5 1 0
ring/schema/import.go:615.73,617.23 2 0
ring/schema/import.go:625.2,625.15 1 0
ring/schema/import.go:617.23,618.41 1 0
ring/schema/import.go:618.41,620.69 2 0
ring/schema/import.go:620.69,622.5 1 0
ring/schema/import.go:628.73,630.16 2 0
ring/schema/import.go:634.2,634.52 1 0
ring/schema/import.go:637.2,638.10 2 0
ring/schema/import.go:630.16,633.3 2 0
ring/schema/import.go:634.52,636.3 1 0
ring/schema/import.go:641.80,642.6 1 0
ring/schema/import.go:642.6,644.34 2 0
ring/schema/import.go:651.3,651.27 1 0
ring/schema/import.go:644.34,646.9 1 0
ring/schema/import.go:647.9,647.24 1 0
ring/schema/import.go:647.24,650.4 2 0
ring/schema/import.go:652.21,653.36 1 0
ring/schema/import.go:658.4,658.9 1 0
ring/schema/import.go:659.23,660.10 1 0
ring/schema/import.go:653.36,657.5 3 0
ring/schema/import.go:666.71,668.2 1 0
ring/schema/import.go:671.47,674.2 2 0
ring/schema/import.go:677.85,680.2 2 1
ring/schema/import.go:683.94,687.2 3 0
ring/schema/import.go:689.49,695.16 5 0
ring/schema/import.go:699.2,701.6 3 0
ring/schema/import.go:720.2,720.12 1 0
ring/schema/import.go:695.16,698.3 2 0
ring/schema/import.go:701.6,703.34 2 0
ring/schema/import.go:710.3,710.27 1 0
ring/schema/import.go:703.34,705.9 1 0
ring/schema/import.go:706.9,706.24 1 0
ring/schema/import.go:706.24,709.4 2 0
ring/schema/import.go:711.25,712.110 1 0
ring/schema/import.go:717.4,717.12 1 0
ring/schema/import.go:712.110,716.5 3 0
ring/schema/import.go:723.44,726.16 2 0
ring/schema/import.go:730.2,732.6 3 0
ring/schema/import.go:726.16,729.3 2 0
ring/schema/import.go:732.6,734.34 2 0
ring/schema/import.go:741.3,741.27 1 0
ring/schema/import.go:734.34,736.9 1 0
ring/schema/import.go:737.9,737.24 1 0
ring/schema/import.go:737.24,740.4 2 0
ring/schema/import.go:742.25,743.57 1 0
ring/schema/import.go:760.4,760.12 1 0
ring/schema/import.go:743.57,759.5 12 0
ring/schema/import.go:765.64,772.2 4 0
ring/schema/import.go:774.65,777.81 3 0
ring/schema/import.go:782.2,782.23 1 0
ring/schema/import.go:777.81,779.3 1 0
ring/schema/import.go:779.8,781.3 1 0
ring/schema/import.go:785.50,789.2 3 0
ring/schema/import.go:791.51,794.78 3 0
ring/schema/import.go:799.2,799.24 1 0
ring/schema/import.go:794.78,796.3 1 0
ring/schema/import.go:796.8,798.3 1 0
ring/schema/import.go:802.48,811.2 6 0
ring/schema/import.go:813.50,821.2 6 0
ring/schema/import.go:823.47,827.38 3 0
ring/schema/import.go:832.2,832.36 1 0
ring/schema/import.go:827.38,831.3 3 0
ring/schema/import.go:832.36,836.3 3 0
ring/schema/index.go:34.43,43.2 8 1
ring/schema/index.go:48.35,50.2 1 1
ring/schema/index.go:52.38,54.2 1 1
ring/schema/index.go:56.46,58.2 1 1
ring/schema/index.go:60.45,62.2 1 1
ring/schema/index.go:64.42,66.2 1 1
ring/schema/index.go:68.37,70.2 1 1
ring/schema/index.go:72.37,74.2 1 1
ring/schema/index.go:76.39,78.2 1 1
ring/schema/index.go:80.37,82.2 1 1
ring/schema/index.go:84.59,86.2 1 1
ring/schema/index.go:88.75,90.2 1 1
ring/schema/index.go:91.44,93.2 1 1
ring/schema/index.go:98.36,107.2 5 1
ring/schema/index.go:109.109,110.18 1 1
ring/schema/index.go:116.2,116.11 1 1
ring/schema/index.go:111.27,112.47 1 1
ring/schema/index.go:113.25,114.33 1 1
ring/schema/index.go:119.37,123.2 1 0
ring/schema/index.go:130.48,137.2 1 1
ring/schema/index.go:139.58,144.25 4 1
ring/schema/index.go:162.2,162.24 1 1
ring/schema/index.go:145.26,150.8 4 1
ring/schema/index.go:151.21,155.8 3 1
ring/schema/index.go:156.10,160.74 3 1
ring/schema/index.go:165.49,187.2 14 1
ring/schema/index.go:189.49,191.19 1 1
ring/schema/index.go:191.19,194.3 2 1
ring/schema/index.go:194.8,196.3 1 1
ring/schema/index.go:199.53,200.80 1 1
ring/schema/index.go:203.2,207.19 3 1
ring/schema/index.go:217.2,217.23 1 1
ring/schema/index.go:200.80,202.3 1 1
ring/schema/index.go:207.19,215.3 7 1
ring/schema/index.go:220.55,222.19 2 1
ring/schema/index.go:225.2,225.15 1 1
ring/schema/index.go:222.19,224.3 1 1
ring/schema/index.go:228.79,234.26 5 1
ring/schema/index.go:237.2,237.23 1 1
ring/schema/index.go:241.2,243.37 2 1
ring/schema/index.go:251.2,251.11 1 1
ring/schema/index.go:234.26,236.3 1 1
ring/schema/index.go:237.23,239.3 1 1
ring/schema/index.go:244.35,246.92 1 1
ring/schema/index.go:247.30,249.92 1 0
ring/schema/index.go:254.55,258.27 3 1
ring/schema/index.go:275.2,275.24 1 1
ring/schema/index.go:258.27,259.42 1 1
ring/schema/index.go:259.42,263.95 2 1
ring/schema/index.go:269.4,269.31 1 1
ring/schema/index.go:263.95,265.5 1 1
ring/schema/index.go:265.10,267.5 1 1
ring/schema/index.go:269.31,271.5 1 1
ring/schema/index.go:278.77,288.2 6 0
ring/schema/index.go:290.75,297.2 5 0
ring/schema/lexicon.go:32.39,34.2 1 0
ring/schema/lexicon.go:36.42,38.2 1 0
ring/schema/lexicon.go:40.49,42.2 1 0
ring/schema/lexicon.go:44.50,46.2 1 0
ring/schema/lexicon.go:48.42,50.2 1 0
ring/schema/lexicon.go:52.45,54.2 1 0
ring/schema/lexicon.go:56.44,58.2 1 0
ring/schema/lexicon.go:60.79,62.2 1 0
ring/schema/connection.go:19.86,22.16 2 0
ring/schema/connection.go:25.2,26.16 2 0
ring/schema/connection.go:29.2,37.12 8 0
ring/schema/connection.go:22.16,24.3 1 0
ring/schema/connection.go:26.16,28.3 1 0
ring/schema/connection.go:51.33,52.54 1 0
ring/schema/connection.go:52.54,57.3 3 0
ring/schema/connection.go:61.34,62.69 1 0
ring/schema/connection.go:62.69,66.3 2 0
ring/schema/connectionPool.go:35.167,42.37 5 0
ring/schema/connectionPool.go:47.2,47.71 1 0
ring/schema/connectionPool.go:52.2,54.46 2 0
ring/schema/connectionPool.go:63.2,64.49 2 0
ring/schema/connectionPool.go:42.37,44.3 1 0
ring/schema/connectionPool.go:44.8,46.3 1 0
ring/schema/connectionPool.go:47.71,49.3 1 0
ring/schema/connectionPool.go:49.8,51.3 1 0
ring/schema/connectionPool.go:54.46,57.17 3 0
ring/schema/connectionPool.go:60.3,60.52 1 0
ring/schema/connectionPool.go:57.17,58.14 1 0
ring/schema/connectionPool.go:78.51,80.26 2 0
ring/schema/connectionPool.go:87.2,93.16 5 0
ring/schema/connectionPool.go:80.26,86.3 5 0
ring/schema/connectionPool.go:96.55,98.42 2 0
ring/schema/connectionPool.go:107.2,110.14 3 0
ring/schema/connectionPool.go:98.42,106.3 7 0
ring/schema/connectionPool.go:113.101,114.85 1 0
ring/schema/connectionPool.go:117.2,117.25 1 0
ring/schema/connectionPool.go:114.85,116.3 1 0
ring/schema/validator.go:37.32,39.2 1 0
ring/schema/validator.go:49.65,52.65 2 0
ring/schema/validator.go:60.2,72.32 9 0
ring/schema/validator.go:79.2,79.32 1 0
ring/schema/validator.go:86.2,86.47 1 0
ring/schema/validator.go:92.2,92.32 1 0
ring/schema/validator.go:96.2,96.13 1 0
ring/schema/validator.go:52.65,57.3 4 0
ring/schema/validator.go:72.32,76.3 2 0
ring/schema/validator.go:79.32,83.3 2 0
ring/schema/validator.go:86.47,89.3 1 0
ring/schema/validator.go:92.32,94.3 1 0
ring/schema/validator.go:102.55,109.37 6 0
ring/schema/validator.go:109.37,112.35 2 0
ring/schema/validator.go:113.25,115.9 2 0
ring/schema/validator.go:116.25,118.9 2 0
ring/schema/validator.go:119.28,121.9 2 0
ring/schema/validator.go:122.25,124.9 2 0
ring/schema/validator.go:129.59,136.37 6 0
ring/schema/validator.go:148.2,148.29 1 0
ring/schema/validator.go:136.37,138.51 2 0
ring/schema/validator.go:138.51,140.11 2 0
ring/schema/validator.go:144.4,145.27 2 0
ring/schema/validator.go:140.11,143.5 1 0
ring/schema/validator.go:148.29,149.19 1 0
ring/schema/validator.go:149.19,155.4 4 0
ring/schema/validator.go:160.61,165.37 4 1
ring/schema/validator.go:165.37,167.51 2 1
ring/schema/validator.go:167.51,169.33 2 1
ring/schema/validator.go:169.33,175.5 4 1
ring/schema/validator.go:175.10,177.5 1 1
ring/schema/validator.go:182.61,185.37 2 1
ring/schema/validator.go:185.37,190.49 3 1
ring/schema/validator.go:190.49,195.4 3 1
ring/schema/validator.go:195.9,197.4 1 1
ring/schema/validator.go:201.109,207.74 2 1
ring/schema/validator.go:214.2,214.116 1 1
ring/schema/validator.go:221.2,221.116 1 1
ring/schema/validator.go:228.2,228.123 1 1
ring/schema/validator.go:207.74,212.3 3 1
ring/schema/validator.go:214.116,219.3 3 1
ring/schema/validator.go:221.116,226.3 3 1
ring/schema/validator.go:228.123,233.3 3 1
ring/schema/validator.go:237.62,243.37 4 1
ring/schema/validator.go:243.37,250.41 3 1
ring/schema/validator.go:250.41,258.4 3 1
ring/schema/validator.go:258.9,260.4 1 1
ring/schema/validator.go:265.61,273.37 6 1
ring/schema/validator.go:282.2,282.37 1 1
ring/schema/validator.go:273.37,275.51 2 1
ring/schema/validator.go:275.51,278.4 2 1
ring/schema/validator.go:282.37,285.70 3 1
ring/schema/validator.go:285.70,287.58 2 1
ring/schema/validator.go:287.58,292.5 3 1
ring/schema/validator.go:292.10,294.5 1 1
ring/schema/validator.go:299.74,301.37 2 0
ring/schema/validator.go:314.2,314.24 1 0
ring/schema/validator.go:301.37,302.20 1 0
ring/schema/validator.go:310.3,310.26 1 0
ring/schema/validator.go:303.28,305.9 2 0
ring/schema/validator.go:306.34,308.9 2 0
ring/schema/validator.go:310.26,312.4 1 0
ring/schema/validator.go:318.55,319.25 1 1
ring/schema/validator.go:324.2,324.13 1 1
ring/schema/validator.go:319.25,320.78 1 1
ring/schema/validator.go:320.78,322.4 1 1
ring/schema/validator.go:327.63,331.37 3 1
ring/schema/validator.go:331.37,335.38 3 1
ring/schema/validator.go:335.38,337.18 2 1
ring/schema/validator.go:337.18,339.5 1 0
ring/schema/validator.go:344.61,347.37 2 1
ring/schema/validator.go:347.37,350.95 3 1
ring/schema/validator.go:355.3,355.86 1 1
ring/schema/validator.go:350.95,353.4 2 1
ring/schema/validator.go:355.86,358.4 2 1
ring/schema/validator.go:363.66,378.37 8 0
ring/schema/validator.go:393.2,393.38 1 0
ring/schema/validator.go:378.37,381.54 2 0
ring/schema/validator.go:381.54,385.49 3 0
ring/schema/validator.go:388.4,388.75 1 0
ring/schema/validator.go:385.49,387.5 1 0
ring/schema/validator.go:393.38,396.27 2 0
ring/schema/validator.go:401.3,402.67 2 0
ring/schema/validator.go:408.3,408.62 1 0
ring/schema/validator.go:396.27,399.12 3 0
ring/schema/validator.go:402.67,405.12 3 0
ring/schema/validator.go:408.62,412.4 2 0
ring/schema/validator.go:416.61,420.37 2 1
ring/schema/validator.go:420.37,422.98 2 1
ring/schema/validator.go:422.98,425.4 2 1
ring/schema/validator.go:430.61,437.37 4 1
ring/schema/validator.go:445.2,445.37 1 1
ring/schema/validator.go:437.37,440.70 3 1
ring/schema/validator.go:440.70,442.4 1 1
ring/schema/validator.go:445.37,447.51 2 1
ring/schema/validator.go:447.51,448.44 1 1
ring/schema/validator.go:448.44,451.5 2 1
ring/schema/validator.go:458.56,465.37 4 1
ring/schema/validator.go:475.2,475.37 1 1
ring/schema/validator.go:465.37,470.70 3 1
ring/schema/validator.go:470.70,473.4 2 1
ring/schema/validator.go:475.37,477.51 2 1
ring/schema/validator.go:477.51,479.37 2 1
ring/schema/validator.go:479.37,481.37 2 1
ring/schema/validator.go:481.37,484.6 2 1
ring/schema/validator.go:491.66,494.37 2 1
ring/schema/validator.go:494.37,497.40 3 1
ring/schema/validator.go:497.40,500.83 2 1
ring/schema/validator.go:507.4,508.18 2 1
ring/schema/validator.go:500.83,504.13 3 1
ring/schema/validator.go:508.18,513.5 2 1
ring/schema/validator.go:519.63,522.24 2 0
ring/schema/validator.go:525.2,528.37 2 0
ring/schema/validator.go:533.2,533.48 1 0
ring/schema/validator.go:522.24,524.3 1 0
ring/schema/validator.go:528.37,530.3 1 0
ring/schema/validator.go:533.48,537.35 3 0
ring/schema/validator.go:537.35,538.46 1 0
ring/schema/validator.go:538.46,539.56 1 0
ring/schema/validator.go:539.56,543.6 2 0
ring/schema/log.go:43.13,47.2 3 1
ring/schema/log.go:49.74,53.27 3 1
ring/schema/log.go:58.2,58.34 1 0
ring/schema/log.go:53.27,56.3 1 1
ring/schema/log.go:58.34,60.20 1 0
ring/schema/log.go:60.20,62.4 1 0
ring/schema/log.go:62.9,62.24 1 0
ring/schema/log.go:62.24,64.4 1 0
ring/schema/log.go:69.47,72.2 2 1
ring/schema/log.go:77.34,79.2 1 0
ring/schema/log.go:80.45,82.2 1 0
ring/schema/log.go:83.36,85.2 1 0
ring/schema/log.go:86.40,88.2 1 0
ring/schema/log.go:89.40,91.2 1 0
ring/schema/log.go:92.42,94.2 1 1
ring/schema/log.go:95.37,97.2 1 0
ring/schema/log.go:98.39,100.2 1 1
ring/schema/log.go:101.42,103.2 1 0
ring/schema/log.go:104.40,106.2 1 1
ring/schema/log.go:107.44,109.2 1 0
ring/schema/log.go:111.45,112.22 1 1
ring/schema/log.go:112.22,114.3 1 1
ring/schema/log.go:114.8,116.3 1 1
ring/schema/log.go:118.47,119.24 1 1
ring/schema/log.go:119.24,121.3 1 1
ring/schema/log.go:121.8,123.3 1 1
ring/schema/log.go:125.35,131.2 3 1
ring/schema/log.go:132.49,133.25 1 1
ring/schema/log.go:133.25,135.3 1 1
ring/schema/log.go:135.8,137.3 1 1
ring/schema/log.go:141.44,143.2 1 0
ring/schema/log.go:145.52,147.2 1 0
ring/schema/log.go:149.42,151.2 1 0
ring/schema/log.go:157.73,159.2 1 0
ring/schema/log.go:162.74,164.2 1 0
ring/schema/log.go:167.74,169.2 1 0
ring/schema/log.go:172.74,174.2 1 0
ring/schema/log.go:177.73,179.2 1 0
ring/schema/log.go:186.77,188.2 1 0
ring/schema/log.go:191.93,196.2 4 0
ring/schema/log.go:199.96,204.129 4 1
ring/schema/log.go:204.129,207.3 1 0
ring/schema/log.go:207.8,207.34 1 1
ring/schema/log.go:207.34,211.3 1 0
ring/schema/log.go:211.9,215.3 0 1
ring/schema/log.go:218.43,222.2 3 0
ring/schema/log.go:224.48,227.26 1 0
ring/schema/log.go:227.26,230.105 2 0
ring/schema/log.go:230.105,233.28 2 0
ring/schema/log.go:243.4,244.9 2 0
ring/schema/log.go:233.28,234.25 1 0
ring/schema/log.go:239.5,239.35 1 0
ring/schema/log.go:234.25,236.6 1 0
ring/schema/log.go:236.11,238.6 1 0
ring/schema/log.go:240.10,242.5 1 0
ring/schema/log.go:250.122,267.2 14 1
ring/schema/log.go:269.60,281.56 5 1
ring/schema/log.go:285.2,285.44 1 1
ring/schema/log.go:281.56,284.3 2 1
ring/schema/log.go:288.47,290.2 1 1
ring/schema/log.go:293.59,302.11 5 1
ring/schema/log.go:312.2,312.14 1 1
ring/schema/log.go:302.11,304.89 2 1
ring/schema/log.go:304.89,307.38 3 1
ring/schema/log.go:307.38,309.5 1 1
ring/schema/log.go:315.64,316.21 1 1
ring/schema/log.go:326.2,326.11 1 0
ring/schema/log.go:316.21,318.23 2 1
ring/schema/log.go:319.15,320.25 1 1
ring/schema/log.go:321.14,323.22 2 0
ring/schema/log.go:337.68,338.21 1 1
ring/schema/log.go:345.2,345.21 1 0
ring/schema/log.go:352.2,352.11 1 0
ring/schema/log.go:338.21,340.23 2 1
ring/schema/log.go:341.15,342.25 1 1
ring/schema/log.go:345.21,347.23 2 0
ring/schema/log.go:348.14,349.33 1 0
ring/schema/log.go:355.43,363.6 7 0
ring/schema/log.go:373.2,373.14 1 0
ring/schema/log.go:363.6,365.21 2 0
ring/schema/log.go:368.3,368.12 1 0
ring/schema/log.go:371.3,371.15 1 0
ring/schema/log.go:365.21,367.4 1 0
ring/schema/log.go:368.12,369.9 1 0
ring/schema/table.go:110.74,121.37 9 1
ring/schema/table.go:126.2,136.45 11 1
ring/schema/table.go:121.37,124.3 2 1
ring/schema/table.go:136.45,140.3 3 1
ring/schema/table.go:146.35,148.2 1 1
ring/schema/table.go:150.38,152.2 1 1
ring/schema/table.go:154.45,156.2 1 1
ring/schema/table.go:158.43,160.2 1 1
ring/schema/table.go:162.46,164.2 1 1
ring/schema/table.go:166.41,168.2 1 1
ring/schema/table.go:170.51,172.2 1 1
ring/schema/table.go:174.41,176.2 1 1
ring/schema/table.go:178.65,180.2 1 1
ring/schema/table.go:182.77,184.2 1 1
ring/schema/table.go:186.37,188.2 1 1
ring/schema/table.go:190.39,192.2 1 1
ring/schema/table.go:194.39,196.2 1 1
ring/schema/table.go:198.37,200.2 1 1
ring/schema/table.go:202.41,204.2 1 1
ring/schema/table.go:206.59,208.2 1 1
ring/schema/table.go:210.57,212.2 1 1
ring/schema/table.go:214.55,216.2 1 1
ring/schema/table.go:218.37,220.2 1 1
ring/schema/table.go:222.42,224.2 1 1
ring/schema/table.go:226.85,228.2 1 1
ring/schema/table.go:230.45,232.2 1 1
ring/schema/table.go:234.65,236.2 1 1
ring/schema/table.go:238.75,240.2 1 1
ring/schema/table.go:245.56,247.34 2 1
ring/schema/table.go:259.2,259.12 1 1
ring/schema/table.go:247.34,251.26 4 1
ring/schema/table.go:251.26,253.4 1 1
ring/schema/table.go:253.9,253.32 1 1
ring/schema/table.go:253.32,255.4 1 1
ring/schema/table.go:255.9,257.4 1 1
ring/schema/table.go:264.57,265.46 1 1
ring/schema/table.go:270.2,270.12 1 1
ring/schema/table.go:265.46,266.52 1 1
ring/schema/table.go:266.52,268.4 1 1
ring/schema/table.go:274.58,276.34 2 1
ring/schema/table.go:288.2,288.22 1 1
ring/schema/table.go:276.34,280.26 4 1
ring/schema/table.go:280.26,282.4 1 1
ring/schema/table.go:282.9,282.32 1 1
ring/schema/table.go:282.32,284.4 1 1
ring/schema/table.go:284.9,286.4 1 1
ring/schema/table.go:292.62,294.34 2 1
ring/schema/table.go:306.2,306.12 1 1
ring/schema/table.go:294.34,298.26 4 1
ring/schema/table.go:298.26,300.4 1 1
ring/schema/table.go:300.9,300.32 1 1
ring/schema/table.go:300.32,302.4 1 1
ring/schema/table.go:302.9,304.4 1 1
ring/schema/table.go:309.63,310.49 1 0
ring/schema/table.go:315.2,315.12 1 0
ring/schema/table.go:310.49,311.55 1 0
ring/schema/table.go:311.55,313.4 1 0
ring/schema/table.go:318.56,320.34 2 1
ring/schema/table.go:332.2,332.12 1 1
ring/schema/table.go:320.34,324.26 4 1
ring/schema/table.go:324.26,326.4 1 1
ring/schema/table.go:326.9,326.32 1 1
ring/schema/table.go:326.32,328.4 1 1
ring/schema/table.go:328.9,330.4 1 1
ring/schema/table.go:336.61,338.34 2 1
ring/schema/table.go:350.2,350.25 1 1
ring/schema/table.go:338.34,342.26 4 1
ring/schema/table.go:342.26,344.4 1 1
ring/schema/table.go:344.9,344.32 1 1
ring/schema/table.go:344.32,346.4 1 1
ring/schema/table.go:346.9,348.4 1 1
ring/schema/table.go:353.44,355.41 1 1
ring/schema/table.go:358.2,358.12 1 1
ring/schema/table.go:355.41,357.3 1 1
ring/schema/table.go:361.110,364.19 2 1
ring/schema/table.go:409.2,409.23 1 1
ring/schema/table.go:365.27,367.42 2 1
ring/schema/table.go:376.3,376.45 1 1
ring/schema/table.go:382.3,385.24 3 1
ring/schema/table.go:389.3,389.8 1 1
ring/schema/table.go:390.26,391.34 1 1
ring/schema/table.go:392.25,400.8 8 1
ring/schema/table.go:401.29,407.8 6 1
ring/schema/table.go:367.42,371.107 4 1
ring/schema/table.go:371.107,374.5 2 1
ring/schema/table.go:376.45,377.109 1 1
ring/schema/table.go:377.109,380.5 2 1
ring/schema/table.go:385.24,388.4 2 1
ring/schema/table.go:412.87,414.17 2 1
ring/schema/table.go:453.2,453.24 1 1
ring/schema/table.go:415.27,426.8 10 1
ring/schema/table.go:427.27,433.36 6 1
ring/schema/table.go:441.3,443.8 3 1
ring/schema/table.go:444.27,451.8 7 1
ring/schema/table.go:433.36,437.25 4 1
ring/schema/table.go:437.25,439.5 1 1
ring/schema/table.go:457.75,460.23 2 1
ring/schema/table.go:465.2,465.23 1 1
ring/schema/table.go:470.2,477.23 7 1
ring/schema/table.go:482.2,482.23 1 1
ring/schema/table.go:488.2,488.24 1 1
ring/schema/table.go:460.23,463.3 2 1
ring/schema/table.go:465.23,468.3 2 1
ring/schema/table.go:477.23,480.3 2 1
ring/schema/table.go:482.23,485.3 2 1
ring/schema/table.go:494.36,501.41 5 1
ring/schema/table.go:504.2,504.44 1 1
ring/schema/table.go:507.2,507.42 1 1
ring/schema/table.go:510.2,517.17 4 1
ring/schema/table.go:501.41,503.3 1 1
ring/schema/table.go:504.44,506.3 1 0
ring/schema/table.go:507.42,509.3 1 1
ring/schema/table.go:520.74,530.32 8 1
ring/schema/table.go:596.2,596.15 1 1
ring/schema/table.go:530.32,536.19 4 1
ring/schema/table.go:594.3,594.27 1 1
ring/schema/table.go:536.19,538.4 1 1
ring/schema/table.go:538.9,539.24 1 1
ring/schema/table.go:540.16,543.10 2 1
ring/schema/table.go:544.17,547.10 2 1
ring/schema/table.go:548.17,550.10 2 1
ring/schema/table.go:551.13,553.10 2 1
ring/schema/table.go:554.14,556.10 2 1
ring/schema/table.go:557.14,559.10 2 1
ring/schema/table.go:560.14,562.10 2 1
ring/schema/table.go:563.15,565.10 2 1
ring/schema/table.go:566.15,568.10 2 1
ring/schema/table.go:569.15,571.10 2 1
ring/schema/table.go:572.15,574.10 2 1
ring/schema/table.go:575.16,577.10 2 1
ring/schema/table.go:578.16,580.10 2 1
ring/schema/table.go:581.16,583.10 2 1
ring/schema/table.go:584.17,587.10 3 0
ring/schema/table.go:588.19,589.65 1 0
ring/schema/table.go:590.12,591.30 1 0
ring/schema/table.go:599.46,600.43 1 0
ring/schema/table.go:603.2,603.11 1 0
ring/schema/table.go:600.43,602.3 1 0
ring/schema/table.go:606.47,609.24 2 0
ring/schema/table.go:614.2,614.15 1 0
ring/schema/table.go:623.2,623.12 1 0
ring/schema/table.go:610.35,612.8 2 0
ring/schema/table.go:614.15,622.3 6 0
ring/schema/table.go:626.48,628.24 2 0
ring/schema/table.go:633.2,633.15 1 0
ring/schema/table.go:642.2,642.12 1 0
ring/schema/table.go:629.35,631.8 2 0
ring/schema/table.go:633.15,641.3 6 0
ring/schema/table.go:645.49,649.25 2 0
ring/schema/table.go:653.2,658.50 5 0
ring/schema/table.go:649.25,652.3 1 0
ring/schema/table.go:661.37,663.41 2 0
ring/schema/table.go:667.2,667.19 1 0
ring/schema/table.go:663.41,666.3 2 0
ring/schema/table.go:673.36,695.2 14 1
ring/schema/table.go:697.54,698.18 1 1
ring/schema/table.go:722.2,722.11 1 1
ring/schema/table.go:698.18,707.102 8 1
ring/schema/table.go:720.3,720.24 1 1
ring/schema/table.go:707.102,712.4 4 1
ring/schema/table.go:712.9,719.4 6 1
ring/schema/table.go:725.58,728.41 2 1
ring/schema/table.go:728.41,730.52 2 1
ring/schema/table.go:734.3,734.30 1 1
ring/schema/table.go:737.3,737.10 1 1
ring/schema/table.go:730.52,732.4 1 1
ring/schema/table.go:734.30,736.4 1 1
ring/schema/table.go:740.53,741.24 1 1
ring/schema/table.go:747.2,747.14 1 1
ring/schema/table.go:742.35,743.33 1 1
ring/schema/table.go:744.30,745.31 1 1
ring/schema/table.go:750.36,753.24 2 1
ring/schema/table.go:756.2,756.37 1 1
ring/schema/table.go:760.2,762.21 2 1
ring/schema/table.go:753.24,755.3 1 1
ring/schema/table.go:756.37,759.3 1 1
ring/schema/table.go:765.43,769.41 2 1
ring/schema/table.go:776.2,776.38 1 1
ring/schema/table.go:789.2,789.19 1 1
ring/schema/table.go:769.41,771.30 2 1
ring/schema/table.go:771.30,773.4 1 1
ring/schema/table.go:776.38,778.45 2 1
ring/schema/table.go:781.3,781.49 1 1
ring/schema/table.go:784.3,784.45 1 1
ring/schema/table.go:778.45,780.4 1 1
ring/schema/table.go:781.49,783.4 1 1
ring/schema/table.go:784.45,786.4 1 1
ring/schema/table.go:792.43,793.25 1 1
ring/schema/table.go:800.2,800.12 1 0
ring/schema/table.go:794.22,795.45 1 1
ring/schema/table.go:796.24,797.47 1 1
ring/schema/table.go:803.49,807.25 2 1
ring/schema/table.go:832.2,832.53 1 1
ring/schema/table.go:808.45,810.8 2 1
ring/schema/table.go:811.22,813.44 2 1
ring/schema/table.go:817.3,817.8 1 1
ring/schema/table.go:818.24,820.44 2 1
ring/schema/table.go:824.3,824.8 1 1
ring/schema/table.go:825.21,826.45 1 1
ring/schema/table.go:830.3,830.8 1 1
ring/schema/table.go:813.44,816.4 2 1
ring/schema/table.go:820.44,823.4 2 1
ring/schema/table.go:826.45,829.4 2 1
ring/schema/table.go:836.66,838.35 2 1
ring/schema/table.go:847.2,847.16 1 1
ring/schema/table.go:838.35,839.35 1 1
ring/schema/table.go:843.3,843.61 1 1
ring/schema/table.go:839.35,841.12 2 1
ring/schema/table.go:843.61,845.4 1 1
ring/schema/table.go:850.48,852.35 1 1
ring/schema/table.go:852.35,854.34 1 1
ring/schema/table.go:854.34,856.4 1 1
ring/schema/table.go:859.57,860.38 1 1
ring/schema/table.go:860.38,864.3 1 1
ring/schema/table.go:867.50,870.36 2 1
ring/schema/table.go:870.36,873.62 1 1
ring/schema/table.go:887.3,887.25 1 1
ring/schema/table.go:873.62,876.4 1 1
ring/schema/table.go:876.9,878.44 2 1
ring/schema/table.go:878.44,880.84 1 1
ring/schema/table.go:880.84,883.11 2 1
ring/schema/table.go:887.25,889.4 1 1
ring/schema/table.go:893.34,895.27 1 1
ring/schema/table.go:895.27,897.48 1 1
ring/schema/table.go:897.48,899.4 1 1
ring/schema/table.go:903.37,904.30 1 1
ring/schema/table.go:904.30,906.51 1 1
ring/schema/table.go:906.51,908.4 1 1
ring/schema/table.go:912.35,913.28 1 1
ring/schema/table.go:913.28,915.49 1 1
ring/schema/table.go:915.49,917.4 1 1
ring/schema/table.go:921.79,923.19 1 1
ring/schema/table.go:923.19,930.38 5 1
ring/schema/table.go:938.3,941.59 2 1
ring/schema/table.go:947.3,950.59 2 1
ring/schema/table.go:956.3,956.21 1 1
ring/schema/table.go:930.38,932.25 2 1
ring/schema/table.go:932.25,934.5 1 1
ring/schema/table.go:941.59,945.4 3 1
ring/schema/table.go:950.59,954.4 3 1
ring/schema/table.go:957.8,959.3 1 0
ring/schema/table.go:962.57,966.2 3 1
ring/schema/table.go:969.50,975.2 3 1
ring/schema/table.go:977.34,981.41 3 1
ring/schema/table.go:984.2,984.45 1 1
ring/schema/table.go:987.2,987.41 1 1
ring/schema/table.go:981.41,983.3 1 1
ring/schema/table.go:984.45,986.3 1 1
ring/schema/table.go:987.41,989.3 1 1
ring/schema/table.go:992.81,997.41 5 1
ring/schema/table.go:1009.2,1009.31 1 1
ring/schema/table.go:997.41,998.19 1 1
ring/schema/table.go:1005.3,1005.30 1 1
ring/schema/table.go:999.36,1002.9 3 1
ring/schema/table.go:1005.30,1007.4 1 1
ring/schema/table.go:1013.55,1015.24 2 1
ring/schema/table.go:1024.2,1024.15 1 1
ring/schema/table.go:1016.35,1019.8 3 1
ring/schema/table.go:1020.30,1022.8 2 1
ring/schema/table.go:1027.41,1028.24 1 1
ring/schema/table.go:1032.2,1032.11 1 1
ring/schema/table.go:1029.35,1030.30 1 1
ring/schema/table.go:1035.76,1039.24 3 1
ring/schema/table.go:1048.2,1048.25 1 1
ring/schema/table.go:1040.35,1043.8 3 1
ring/schema/table.go:1044.30,1046.8 2 1
ring/schema/table.go:1049.40,1052.44 2 1
ring/schema/table.go:1064.3,1064.8 1 1
ring/schema/table.go:1065.26,1068.47 3 0
ring/schema/table.go:1071.3,1071.8 1 0
ring/schema/table.go:1052.44,1056.48 4 1
ring/schema/table.go:1059.4,1059.33 1 1
ring/schema/table.go:1056.48,1058.5 1 1
ring/schema/table.go:1059.33,1062.5 2 1
ring/schema/table.go:1068.47,1070.4 1 0
ring/schema/table.go:1076.47,1087.16 8 0
ring/schema/table.go:1092.2,1096.38 2 0
ring/schema/table.go:1105.2,1105.12 1 0
ring/schema/table.go:1087.16,1089.3 1 0
ring/schema/table.go:1096.38,1101.17 5 0
ring/schema/table.go:1101.17,1103.4 1 0
ring/schema/table.go:1108.45,1117.2 6 0
ring/schema/table.go:1119.70,1121.49 1 0
ring/schema/table.go:1125.2,1125.52 1 0
ring/schema/table.go:1129.2,1129.50 1 0
ring/schema/table.go:1132.2,1132.12 1 0
ring/schema/table.go:1121.49,1123.3 1 0
ring/schema/table.go:1125.52,1127.3 1 0
ring/schema/table.go:1129.50,1131.3 1 0
ring/schema/table.go:1135.76,1146.44 5 0
ring/schema/table.go:1150.2,1150.48 1 0
ring/schema/table.go:1155.2,1155.44 1 0
ring/schema/table.go:1161.2,1161.48 1 0
ring/schema/table.go:1168.2,1168.12 1 0
ring/schema/table.go:1146.44,1149.3 1 0
ring/schema/table.go:1150.48,1153.3 1 0
ring/schema/table.go:1155.44,1156.94 1 0
ring/schema/table.go:1156.94,1158.4 1 0
ring/schema/table.go:1161.48,1162.102 1 0
ring/schema/table.go:1162.102,1165.4 1 0
ring/schema/table.go:1171.77,1180.45 5 0
ring/schema/table.go:1183.2,1183.49 1 0
ring/schema/table.go:1187.2,1187.49 1 0
ring/schema/table.go:1193.2,1193.45 1 0
ring/schema/table.go:1200.2,1200.12 1 0
ring/schema/table.go:1180.45,1182.3 1 0
ring/schema/table.go:1183.49,1185.3 1 0
ring/schema/table.go:1187.49,1188.97 1 0
ring/schema/table.go:1188.97,1190.4 1 0
ring/schema/table.go:1193.45,1194.89 1 0
ring/schema/table.go:1194.89,1196.4 1 0
ring/schema/table.go:1203.79,1213.47 6 0
ring/schema/table.go:1217.2,1217.51 1 0
ring/schema/table.go:1222.2,1222.47 1 0
ring/schema/table.go:1228.2,1228.51 1 0
ring/schema/table.go:1235.2,1235.12 1 0
ring/schema/table.go:1213.47,1216.3 1 0
ring/schema/table.go:1217.51,1220.3 1 0
ring/schema/table.go:1222.47,1223.97 1 0
ring/schema/table.go:1223.97,1225.4 1 0
ring/schema/table.go:1228.51,1229.105 1 0
ring/schema/table.go:1229.105,1232.4 1 0
ring/schema/table.go:1238.88,1251.91 8 0
ring/schema/table.go:1262.2,1262.12 1 0
ring/schema/table.go:1251.91,1261.3 8 0
ring/schema/table.go:1265.87,1279.91 8 0
ring/schema/table.go:1290.2,1290.12 1 0
ring/schema/table.go:1279.91,1288.3 8 0
ring/schema/table.go:1293.97,1295.75 2 0
ring/schema/table.go:1298.2,1298.38 1 0
ring/schema/table.go:1304.2,1304.12 1 0
ring/schema/table.go:1295.75,1297.3 1 0
ring/schema/table.go:1298.38,1300.63 1 0
ring/schema/table.go:1300.63,1302.4 1 0
ring/schema/table.go:1307.96,1319.75 10 0
ring/schema/table.go:1333.2,1336.38 3 0
ring/schema/table.go:1342.2,1342.34 1 0
ring/schema/table.go:1348.2,1348.12 1 0
ring/schema/table.go:1319.75,1324.3 3 0
ring/schema/table.go:1324.8,1324.89 1 0
ring/schema/table.go:1324.89,1328.3 3 0
ring/schema/table.go:1328.8,1331.3 1 0
ring/schema/table.go:1336.38,1338.17 2 0
ring/schema/table.go:1338.17,1340.4 1 0
ring/schema/table.go:1342.34,1344.17 2 0
ring/schema/table.go:1344.17,1346.4 1 0
ring/schema/table.go:1351.64,1354.42 2 0
ring/schema/table.go:1354.42,1356.101 2 0
ring/schema/table.go:1359.3,1360.17 2 0
ring/schema/table.go:1356.101,1357.12 1 0
ring/schema/table.go:1360.17,1362.4 1 0
ring/schema/table.go:1367.68,1370.2 2 0
ring/schema/table.go:1372.73,1380.41 6 0
ring/schema/table.go:1380.41,1384.17 4 0
ring/schema/table.go:1387.3,1387.24 1 0
ring/schema/table.go:1384.17,1386.4 1 0
ring/schema/table.go:1387.24,1390.18 3 0
ring/schema/table.go:1390.18,1392.5 1 0
ring/schema/table.go:1397.76,1406.44 6 0
ring/schema/table.go:1406.44,1409.88 2 0
ring/schema/table.go:1413.3,1416.39 3 0
ring/schema/table.go:1422.3,1422.35 1 0
ring/schema/table.go:1409.88,1410.12 1 0
ring/schema/table.go:1416.39,1418.18 2 0
ring/schema/table.go:1418.18,1420.5 1 0
ring/schema/table.go:1422.35,1424.18 2 0
ring/schema/table.go:1424.18,1426.5 1 0
ring/schema/table.go:1432.35,1436.2 3 0
ring/schema/table.go:1439.48,1441.2 1 1
ring/schema/table.go:1443.54,1444.46 1 1
ring/schema/table.go:1447.2,1449.42 3 1
ring/schema/table.go:1457.2,1457.13 1 1
ring/schema/table.go:1444.46,1446.3 1 1
ring/schema/table.go:1449.42,1453.36 3 1
ring/schema/table.go:1453.36,1455.4 1 1
ring/schema/table.go:1461.57,1462.52 1 1
ring/schema/table.go:1465.2,1467.45 3 1
ring/schema/table.go:1474.2,1474.13 1 1
ring/schema/table.go:1462.52,1464.3 1 0
ring/schema/table.go:1467.45,1470.62 3 0
ring/schema/table.go:1470.62,1472.4 1 0
ring/schema/table.go:1477.55,1478.48 1 1
ring/schema/table.go:1481.2,1481.29 1 1
ring/schema/table.go:1498.2,1498.13 1 1
ring/schema/table.go:1478.48,1480.3 1 0
ring/schema/table.go:1481.29,1483.44 2 1
ring/schema/table.go:1486.3,1486.44 1 1
ring/schema/table.go:1483.44,1485.4 1 1
ring/schema/table.go:1486.44,1487.52 1 1
ring/schema/table.go:1487.52,1488.41 1 1
ring/schema/table.go:1488.41,1492.6 3 0
ring/schema/table.go:1493.10,1495.5 1 0
ring/schema/table.go:1501.41,1503.19 2 0
ring/schema/table.go:1506.2,1506.15 1 0
ring/schema/table.go:1503.19,1505.3 1 0
ring/schema/table.go:1509.89,1541.2 18 0
ring/schema/table.go:1543.114,1577.2 22 1
ring/schema/table.go:1579.112,1642.2 46 1
ring/schema/table.go:1646.111,1704.2 47 1
ring/schema/table.go:1706.110,1773.2 50 1
ring/schema/table.go:1775.114,1817.2 22 1
ring/schema/table.go:1820.43,1835.2 9 1
ring/schema/table.go:1838.43,1848.37 9 1
ring/schema/table.go:1867.2,1871.37 4 1
ring/schema/table.go:1888.2,1892.15 2 1
ring/schema/table.go:1848.37,1851.19 3 1
ring/schema/table.go:1852.25,1854.9 2 1
ring/schema/table.go:1855.25,1857.9 2 1
ring/schema/table.go:1858.25,1860.9 2 1
ring/schema/table.go:1861.28,1863.9 2 1
ring/schema/table.go:1871.37,1874.19 3 1
ring/schema/table.go:1875.25,1877.9 2 1
ring/schema/table.go:1878.25,1880.9 2 1
ring/schema/table.go:1881.28,1884.9 2 1
